Log file open, 09/25/22 19:19:23
LogWindows: Failed to load 'aqProf.dll' (GetLastError=126)
LogWindows: File 'aqProf.dll' does not exist
LogWindows: Failed to load 'VtuneApi.dll' (GetLastError=126)
LogWindows: File 'VtuneApi.dll' does not exist
LogWindows: Failed to load 'VtuneApi32e.dll' (GetLastError=126)
LogWindows: File 'VtuneApi32e.dll' does not exist
LogConsoleResponse: Display: Failed to find resolution value strings in scalability ini. Falling back to default.
LogConsoleResponse: Display: Failed to find resolution value strings in scalability ini. Falling back to default.
LogInit: Display: Running engine for game: UnrealLearningKit
LogPlatformFile: Not using cached read wrapper
LogTaskGraph: Started task graph with 5 named threads and 23 total threads with 3 sets of task threads.
LogStats: Stats thread started at 0.381699
LogICUInternationalization: ICU TimeZone Detection - Raw Offset: -4:00, Platform Override: ''
LogInit: Display: Loading text-based GConfig....
LogPluginManager: Mounting plugin MeshPainting
LogPluginManager: Mounting plugin XGEController
LogPluginManager: Mounting plugin Paper2D
LogPluginManager: Mounting plugin LiveLink
LogPluginManager: Mounting plugin AISupport
LogPluginManager: Mounting plugin EnvironmentQueryEditor
LogPluginManager: Mounting plugin CameraShakePreviewer
LogPluginManager: Mounting plugin GameplayCameras
LogPluginManager: Mounting plugin LightPropagationVolume
LogPluginManager: Mounting plugin OodleData
LogPluginManager: Mounting plugin OodleNetwork
LogPluginManager: Mounting plugin AnimationSharing
LogPluginManager: Mounting plugin CLionSourceCodeAccess
LogPluginManager: Mounting plugin CodeLiteSourceCodeAccess
LogPluginManager: Mounting plugin Niagara
LogPluginManager: Mounting plugin DatasmithContent
LogPluginManager: Mounting plugin AssetManagerEditor
LogPluginManager: Mounting plugin AlembicImporter
LogPluginManager: Mounting plugin VariantManagerContent
LogPluginManager: Mounting plugin BackChannel
LogPluginManager: Mounting plugin AutomationUtils
LogPluginManager: Mounting plugin ChaosCloth
LogPluginManager: Mounting plugin ChaosClothEditor
LogPluginManager: Mounting plugin ChaosNiagara
LogPluginManager: Mounting plugin ChaosSolverPlugin
LogPluginManager: Mounting plugin CryptoKeys
LogPluginManager: Mounting plugin CurveEditorTools
LogPluginManager: Mounting plugin DataValidation
LogPluginManager: Mounting plugin CharacterAI
LogPluginManager: Mounting plugin FacialAnimation
LogPluginManager: Mounting plugin GeometryMode
LogPluginManager: Mounting plugin ChaosEditor
LogPluginManager: Mounting plugin GameplayTagsEditor
LogPluginManager: Mounting plugin MaterialAnalyzer
LogPluginManager: Mounting plugin MobileLauncherProfileWizard
LogPluginManager: Mounting plugin PluginBrowser
LogPluginManager: Mounting plugin MacGraphicsSwitching
LogPluginManager: Mounting plugin SpeedTreeImporter
LogPluginManager: Mounting plugin GeometryCache
LogPluginManager: Mounting plugin GeometryCollectionPlugin
LogPluginManager: Mounting plugin LuminPlatformFeatures
LogPluginManager: Mounting plugin MagicLeap
LogPluginManager: Mounting plugin MagicLeapMedia
LogPluginManager: Mounting plugin MagicLeapLightEstimation
LogPluginManager: Mounting plugin GitSourceControl
LogPluginManager: Mounting plugin KDevelopSourceCodeAccess
LogPluginManager: Mounting plugin NullSourceCodeAccess
LogPluginManager: Mounting plugin MagicLeapPassableWorld
LogPluginManager: Mounting plugin MLSDK
LogPluginManager: Mounting plugin GeometryProcessing
LogPluginManager: Mounting plugin MotoSynth
LogPluginManager: Mounting plugin OpenImageDenoise
LogPluginManager: Mounting plugin PlatformCrypto
LogPluginManager: Mounting plugin PlanarCut
LogPluginManager: Mounting plugin ProxyLODPlugin
LogPluginManager: Mounting plugin PythonScriptPlugin
LogPluginManager: Mounting plugin SkeletalReduction
LogPluginManager: Mounting plugin TcpMessaging
LogPluginManager: Mounting plugin UdpMessaging
LogPluginManager: Mounting plugin AndroidMedia
LogPluginManager: Mounting plugin AvfMedia
LogPluginManager: Mounting plugin ImgMedia
LogPluginManager: Mounting plugin MediaCompositing
LogPluginManager: Mounting plugin MediaPlayerEditor
LogPluginManager: Mounting plugin WebMMedia
LogPluginManager: Mounting plugin WmfMedia
LogPluginManager: Mounting plugin OnlineSubsystem
LogPluginManager: Mounting plugin OnlineSubsystemNull
LogPluginManager: Mounting plugin OnlineSubsystemUtils
LogPluginManager: Mounting plugin LauncherChunkInstaller
LogPluginManager: Mounting plugin ActorLayerUtilities
LogPluginManager: Mounting plugin AndroidPermission
LogPluginManager: Mounting plugin AndroidDeviceProfileSelector
LogPluginManager: Mounting plugin AndroidMoviePlayer
LogPluginManager: Mounting plugin AppleImageUtils
LogPluginManager: Mounting plugin AppleMoviePlayer
LogPluginManager: Mounting plugin ArchVisCharacter
LogPluginManager: Mounting plugin AssetTags
LogPluginManager: Mounting plugin AudioCapture
LogPluginManager: Mounting plugin AudioSynesthesia
LogPluginManager: Mounting plugin CableComponent
LogPluginManager: Mounting plugin ChunkDownloader
LogPluginManager: Mounting plugin CustomMeshComponent
LogPluginManager: Mounting plugin ExampleDeviceProfileSelector
LogPluginManager: Mounting plugin EditableMesh
LogPluginManager: Mounting plugin GoogleCloudMessaging
LogPluginManager: Mounting plugin GooglePAD
LogPluginManager: Mounting plugin IOSDeviceProfileSelector
LogPluginManager: Mounting plugin LinuxDeviceProfileSelector
LogPluginManager: Mounting plugin LocationServicesBPLibrary
LogPluginManager: Mounting plugin ScreenshotTools
LogPluginManager: Mounting plugin MobilePatchingUtils
LogPluginManager: Mounting plugin OpenXR
LogPluginManager: Mounting plugin OpenXREyeTracker
LogPluginManager: Mounting plugin OpenXRHandTracking
LogPluginManager: Mounting plugin PhysXVehicles
LogPluginManager: Mounting plugin PerforceSourceControl
LogPluginManager: Mounting plugin PostSplashScreen
LogPluginManager: Mounting plugin PixWinPlugin
LogPluginManager: Mounting plugin PlasticSourceControl
LogPluginManager: Mounting plugin ProceduralMeshComponent
LogPluginManager: Mounting plugin PropertyAccessEditor
LogPluginManager: Mounting plugin PluginUtils
LogPluginManager: Mounting plugin PropertyAccessNode
LogPluginManager: Mounting plugin RiderSourceCodeAccess
LogPluginManager: Mounting plugin SubversionSourceControl
LogPluginManager: Mounting plugin RuntimePhysXCooking
LogPluginManager: Mounting plugin TextureFormatOodle
LogPluginManager: Mounting plugin SignificanceManager
LogPluginManager: Mounting plugin UObjectPlugin
LogPluginManager: Mounting plugin SoundFields
LogPluginManager: Mounting plugin VisualStudioCodeSourceCodeAccess
LogPluginManager: Mounting plugin VisualStudioSourceCodeAccess
LogPluginManager: Mounting plugin Synthesis
LogPluginManager: Mounting plugin WebMMoviePlayer
LogPluginManager: Mounting plugin WindowsMoviePlayer
LogPluginManager: Mounting plugin ActorSequence
LogPluginManager: Mounting plugin LevelSequenceEditor
LogPluginManager: Mounting plugin MatineeToLevelSequence
LogPluginManager: Mounting plugin TemplateSequence
LogPluginManager: Mounting plugin XCodeSourceCodeAccess
LogPluginManager: Mounting plugin Takes
LogPluginManager: Mounting plugin ContentBrowserAssetDataSource
LogPluginManager: Mounting plugin ContentBrowserClassDataSource
LogPluginManager: Mounting plugin ContentBrowserFileDataSource
LogPluginManager: Mounting plugin OnlineSubsystemGooglePlay
LogPluginManager: Mounting plugin OnlineSubsystemIOS
LogPluginManager: Mounting plugin OculusVR
LogPluginManager: Mounting plugin SteamVR
LogInit: Using libcurl 7.55.1-DEV
LogInit:  - built for x86_64-pc-win32
LogInit:  - supports SSL with OpenSSL/1.1.1
LogInit:  - supports HTTP deflate (compression) using libz 1.2.8
LogInit:  - other features:
LogInit:      CURL_VERSION_SSL
LogInit:      CURL_VERSION_LIBZ
LogInit:      CURL_VERSION_IPV6
LogInit:      CURL_VERSION_ASYNCHDNS
LogInit:      CURL_VERSION_LARGEFILE
LogInit:      CURL_VERSION_IDN
LogInit:  CurlRequestOptions (configurable via config and command line):
LogInit:  - bVerifyPeer = true  - Libcurl will verify peer certificate
LogInit:  - bUseHttpProxy = false  - Libcurl will NOT use HTTP proxy
LogInit:  - bDontReuseConnections = false  - Libcurl will reuse connections
LogInit:  - MaxHostConnections = 16  - Libcurl will limit the number of connections to a host
LogInit:  - LocalHostAddr = Default
LogInit:  - BufferSize = 65536
LogOnline: OSS: Creating online subsystem instance for: NULL
LogInit: WinSock: version 1.1 (2.2), MaxSocks=32767, MaxUdp=65467
LogOnline: OSS: TryLoadSubsystemAndSetDefault: Loaded subsystem for module [NULL]
PixWinPlugin: PIX capture plugin failed to initialize! Check that the process is launched from PIX.
LogOculusPluginWrapper: OculusPlugin initialized successfully
LogHMD: Failed initializing OVRPlugin 1.59.0
LogInit: Build: ++UE4+Release-4.27-CL-18319896
LogInit: Engine Version: 4.27.2-18319896+++UE4+Release-4.27
LogInit: Compatible Engine Version: 4.27.0-17155196+++UE4+Release-4.27
LogInit: Net CL: 17155196
LogInit: OS: Windows 10 (Release 2009) (), CPU: Intel(R) Core(TM) i7-8550U CPU @ 1.80GHz, GPU: Intel(R) UHD Graphics 620
LogInit: Compiled (64-bit): Nov 30 2021 07:12:08
LogInit: Compiled with Visual C++: 19.24.28315.00
LogInit: Build Configuration: Development
LogInit: Branch Name: ++UE4+Release-4.27
LogInit: Command Line: 
LogInit: Base Directory: G:/My Passport/CS 415/UE_4.27/Engine/Binaries/Win64/
LogInit: Allocator: TBB
LogInit: Installed Engine Build: 1
LogDevObjectVersion: Number of dev versions registered: 29
LogDevObjectVersion:   Dev-Blueprints (B0D832E4-1F89-4F0D-ACCF-7EB736FD4AA2): 10
LogDevObjectVersion:   Dev-Build (E1C64328-A22C-4D53-A36C-8E866417BD8C): 0
LogDevObjectVersion:   Dev-Core (375EC13C-06E4-48FB-B500-84F0262A717E): 4
LogDevObjectVersion:   Dev-Editor (E4B068ED-F494-42E9-A231-DA0B2E46BB41): 40
LogDevObjectVersion:   Dev-Framework (CFFC743F-43B0-4480-9391-14DF171D2073): 37
LogDevObjectVersion:   Dev-Mobile (B02B49B5-BB20-44E9-A304-32B752E40360): 3
LogDevObjectVersion:   Dev-Networking (A4E4105C-59A1-49B5-A7C5-40C4547EDFEE): 0
LogDevObjectVersion:   Dev-Online (39C831C9-5AE6-47DC-9A44-9C173E1C8E7C): 0
LogDevObjectVersion:   Dev-Physics (78F01B33-EBEA-4F98-B9B4-84EACCB95AA2): 14
LogDevObjectVersion:   Dev-Platform (6631380F-2D4D-43E0-8009-CF276956A95A): 0
LogDevObjectVersion:   Dev-Rendering (12F88B9F-8875-4AFC-A67C-D90C383ABD29): 45
LogDevObjectVersion:   Dev-Sequencer (7B5AE74C-D270-4C10-A958-57980B212A5A): 13
LogDevObjectVersion:   Dev-VR (D7296918-1DD6-4BDD-9DE2-64A83CC13884): 3
LogDevObjectVersion:   Dev-LoadTimes (C2A15278-BFE7-4AFE-6C17-90FF531DF755): 1
LogDevObjectVersion:   Private-Geometry (6EACA3D4-40EC-4CC1-B786-8BED09428FC5): 3
LogDevObjectVersion:   Dev-AnimPhys (29E575DD-E0A3-4627-9D10-D276232CDCEA): 17
LogDevObjectVersion:   Dev-Anim (AF43A65D-7FD3-4947-9873-3E8ED9C1BB05): 15
LogDevObjectVersion:   Dev-ReflectionCapture (6B266CEC-1EC7-4B8F-A30B-E4D90942FC07): 1
LogDevObjectVersion:   Dev-Automation (0DF73D61-A23F-47EA-B727-89E90C41499A): 1
LogDevObjectVersion:   FortniteMain (601D1886-AC64-4F84-AA16-D3DE0DEAC7D6): 47
LogDevObjectVersion:   FortniteRelease (E7086368-6B23-4C58-8439-1B7016265E91): 1
LogDevObjectVersion:   Dev-Enterprise (9DFFBCD6-494F-0158-E221-12823C92A888): 10
LogDevObjectVersion:   Dev-Niagara (F2AED0AC-9AFE-416F-8664-AA7FFA26D6FC): 1
LogDevObjectVersion:   Dev-Destruction (174F1F0B-B4C6-45A5-B13F-2EE8D0FB917D): 10
LogDevObjectVersion:   Dev-Physics-Ext (35F94A83-E258-406C-A318-09F59610247C): 41
LogDevObjectVersion:   Dev-PhysicsMaterial-Chaos (B68FC16E-8B1B-42E2-B453-215C058844FE): 1
LogDevObjectVersion:   Dev-CineCamera (B2E18506-4273-CFC2-A54E-F4BB758BBA07): 1
LogDevObjectVersion:   Dev-VirtualProduction (64F58936-FD1B-42BA-BA96-7289D5D0FA4E): 1
LogDevObjectVersion:   Dev-MediaFramework (6F0ED827-A609-4895-9C91-998D90180EA4): 2
LogInit: Presizing for max 25165824 objects, including 0 objects not considered by GC, pre-allocating 0 bytes for permanent pool.
LogConfig: Applying CVar settings from Section [/Script/Engine.StreamingSettings] File [G:/My Passport/CS415/Level-Game/UnrealLearningKit/Saved/Config/Windows/Engine.ini]
LogConfig: Setting CVar [[s.MinBulkDataSizeForAsyncLoading:131072]]
LogConfig: Setting CVar [[s.AsyncLoadingThreadEnabled:0]]
LogConfig: Setting CVar [[s.EventDrivenLoaderEnabled:1]]
LogConfig: Setting CVar [[s.WarnIfTimeLimitExceeded:0]]
LogConfig: Setting CVar [[s.TimeLimitExceededMultiplier:1.5]]
LogConfig: Setting CVar [[s.TimeLimitExceededMinTime:0.005]]
LogConfig: Setting CVar [[s.UseBackgroundLevelStreaming:1]]
LogConfig: Setting CVar [[s.PriorityAsyncLoadingExtraTime:15.0]]
LogConfig: Setting CVar [[s.LevelStreamingActorsUpdateTimeLimit:5.0]]
LogConfig: Setting CVar [[s.PriorityLevelStreamingActorsUpdateExtraTime:5.0]]
LogConfig: Setting CVar [[s.LevelStreamingComponentsRegistrationGranularity:10]]
LogConfig: Setting CVar [[s.UnregisterComponentsTimeLimit:1.0]]
LogConfig: Setting CVar [[s.LevelStreamingComponentsUnregistrationGranularity:5]]
LogConfig: Setting CVar [[s.FlushStreamingOnExit:1]]
LogInit: Object subsystem initialized
LogConfig: Setting CVar [[con.DebugEarlyDefault:1]]
LogConfig: Setting CVar [[r.setres:1280x720]]
[2022.09.25-22.19.41:921][  0]LogConfig: Setting CVar [[r.VSync:0]]
[2022.09.25-22.19.41:921][  0]LogConfig: Setting CVar [[r.RHICmdBypass:0]]
[2022.09.25-22.19.41:922][  0]LogConfig: Applying CVar settings from Section [/Script/Engine.RendererSettings] File [G:/My Passport/CS415/Level-Game/UnrealLearningKit/Saved/Config/Windows/Engine.ini]
[2022.09.25-22.19.41:922][  0]LogConfig: Setting CVar [[r.GPUCrashDebugging:0]]
[2022.09.25-22.19.41:922][  0]LogConfig: Setting CVar [[r.MobileMSAA:4]]
[2022.09.25-22.19.41:922][  0]LogConfig: Setting CVar [[r.Mobile.AmbientOcclusion:1]]
[2022.09.25-22.19.41:922][  0]LogConfig: Setting CVar [[r.GenerateMeshDistanceFields:1]]
[2022.09.25-22.19.41:922][  0]LogConfig: Setting CVar [[r.SSGI.Enable:1]]
[2022.09.25-22.19.41:922][  0]LogConfig: Setting CVar [[r.SupportAtmosphericFog:0]]
[2022.09.25-22.19.41:922][  0]LogConfig: Setting CVar [[r.SupportSkyAtmosphereAffectsHeightFog:1]]
[2022.09.25-22.19.41:922][  0]LogConfig: Setting CVar [[r.Mobile.DisableVertexFog:0]]
[2022.09.25-22.19.41:923][  0]LogConfig: Setting CVar [[r.SupportStationarySkylight:0]]
[2022.09.25-22.19.41:923][  0]LogConfig: Setting CVar [[r.SupportLowQualityLightmaps:0]]
[2022.09.25-22.19.41:923][  0]LogConfig: Applying CVar settings from Section [/Script/Engine.RendererOverrideSettings] File [G:/My Passport/CS415/Level-Game/UnrealLearningKit/Saved/Config/Windows/Engine.ini]
[2022.09.25-22.19.41:923][  0]LogConfig: Applying CVar settings from Section [/Script/Engine.StreamingSettings] File [G:/My Passport/CS415/Level-Game/UnrealLearningKit/Saved/Config/Windows/Engine.ini]
[2022.09.25-22.19.41:923][  0]LogConfig: Setting CVar [[s.MinBulkDataSizeForAsyncLoading:131072]]
[2022.09.25-22.19.41:923][  0]LogConfig: Setting CVar [[s.AsyncLoadingThreadEnabled:0]]
[2022.09.25-22.19.41:923][  0]LogConfig: Setting CVar [[s.EventDrivenLoaderEnabled:1]]
[2022.09.25-22.19.41:923][  0]LogConfig: Setting CVar [[s.WarnIfTimeLimitExceeded:0]]
[2022.09.25-22.19.41:923][  0]LogConfig: Setting CVar [[s.TimeLimitExceededMultiplier:1.5]]
[2022.09.25-22.19.41:923][  0]LogConfig: Setting CVar [[s.TimeLimitExceededMinTime:0.005]]
[2022.09.25-22.19.41:923][  0]LogConfig: Setting CVar [[s.UseBackgroundLevelStreaming:1]]
[2022.09.25-22.19.41:923][  0]LogConfig: Setting CVar [[s.PriorityAsyncLoadingExtraTime:15.0]]
[2022.09.25-22.19.41:924][  0]LogConfig: Setting CVar [[s.LevelStreamingActorsUpdateTimeLimit:5.0]]
[2022.09.25-22.19.41:924][  0]LogConfig: Setting CVar [[s.PriorityLevelStreamingActorsUpdateExtraTime:5.0]]
[2022.09.25-22.19.41:924][  0]LogConfig: Setting CVar [[s.LevelStreamingComponentsRegistrationGranularity:10]]
[2022.09.25-22.19.41:924][  0]LogConfig: Setting CVar [[s.UnregisterComponentsTimeLimit:1.0]]
[2022.09.25-22.19.41:924][  0]LogConfig: Setting CVar [[s.LevelStreamingComponentsUnregistrationGranularity:5]]
[2022.09.25-22.19.41:924][  0]LogConfig: Setting CVar [[s.FlushStreamingOnExit:1]]
[2022.09.25-22.19.41:924][  0]LogConfig: Applying CVar settings from Section [/Script/Engine.GarbageCollectionSettings] File [G:/My Passport/CS415/Level-Game/UnrealLearningKit/Saved/Config/Windows/Engine.ini]
[2022.09.25-22.19.41:924][  0]LogConfig: Setting CVar [[gc.MaxObjectsNotConsideredByGC:1]]
[2022.09.25-22.19.41:924][  0]LogConfig: Setting CVar [[gc.SizeOfPermanentObjectPool:0]]
[2022.09.25-22.19.41:924][  0]LogConfig: Setting CVar [[gc.FlushStreamingOnGC:0]]
[2022.09.25-22.19.41:924][  0]LogConfig: Setting CVar [[gc.NumRetriesBeforeForcingGC:10]]
[2022.09.25-22.19.41:924][  0]LogConfig: Setting CVar [[gc.AllowParallelGC:1]]
[2022.09.25-22.19.41:924][  0]LogConfig: Setting CVar [[gc.TimeBetweenPurgingPendingKillObjects:61.1]]
[2022.09.25-22.19.41:924][  0]LogConfig: Setting CVar [[gc.MaxObjectsInEditor:25165824]]
[2022.09.25-22.19.41:924][  0]LogConfig: Setting CVar [[gc.IncrementalBeginDestroyEnabled:1]]
[2022.09.25-22.19.41:924][  0]LogConfig: Setting CVar [[gc.CreateGCClusters:1]]
[2022.09.25-22.19.41:924][  0]LogConfig: Setting CVar [[gc.MinGCClusterSize:5]]
[2022.09.25-22.19.41:924][  0]LogConfig: Setting CVar [[gc.ActorClusteringEnabled:0]]
[2022.09.25-22.19.41:924][  0]LogConfig: Setting CVar [[gc.BlueprintClusteringEnabled:0]]
[2022.09.25-22.19.41:924][  0]LogConfig: Setting CVar [[gc.UseDisregardForGCOnDedicatedServers:0]]
[2022.09.25-22.19.41:924][  0]LogConfig: Setting CVar [[gc.MultithreadedDestructionEnabled:1]]
[2022.09.25-22.19.41:924][  0]LogConfig: Applying CVar settings from Section [/Script/Engine.NetworkSettings] File [G:/My Passport/CS415/Level-Game/UnrealLearningKit/Saved/Config/Windows/Engine.ini]
[2022.09.25-22.19.41:924][  0]LogConfig: Applying CVar settings from Section [/Script/UnrealEd.CookerSettings] File [G:/My Passport/CS415/Level-Game/UnrealLearningKit/Saved/Config/Windows/Engine.ini]
[2022.09.25-22.19.42:220][  0]LogConfig: Applying CVar settings from Section [ViewDistanceQuality@3] File [G:/My Passport/CS415/Level-Game/UnrealLearningKit/Saved/Config/Windows/Scalability.ini]
[2022.09.25-22.19.42:220][  0]LogConfig: Setting CVar [[r.SkeletalMeshLODBias:0]]
[2022.09.25-22.19.42:220][  0]LogConfig: Setting CVar [[r.ViewDistanceScale:1.0]]
[2022.09.25-22.19.42:220][  0]LogConfig: Applying CVar settings from Section [AntiAliasingQuality@3] File [G:/My Passport/CS415/Level-Game/UnrealLearningKit/Saved/Config/Windows/Scalability.ini]
[2022.09.25-22.19.42:220][  0]LogConfig: Setting CVar [[r.PostProcessAAQuality:4]]
[2022.09.25-22.19.42:220][  0]LogConfig: Applying CVar settings from Section [ShadowQuality@3] File [G:/My Passport/CS415/Level-Game/UnrealLearningKit/Saved/Config/Windows/Scalability.ini]
[2022.09.25-22.19.42:220][  0]LogConfig: Setting CVar [[r.LightFunctionQuality:1]]
[2022.09.25-22.19.42:221][  0]LogConfig: Setting CVar [[r.ShadowQuality:5]]
[2022.09.25-22.19.42:221][  0]LogConfig: Setting CVar [[r.Shadow.CSM.MaxCascades:10]]
[2022.09.25-22.19.42:221][  0]LogConfig: Setting CVar [[r.Shadow.MaxResolution:2048]]
[2022.09.25-22.19.42:221][  0]LogConfig: Setting CVar [[r.Shadow.MaxCSMResolution:2048]]
[2022.09.25-22.19.42:221][  0]LogConfig: Setting CVar [[r.Shadow.RadiusThreshold:0.01]]
[2022.09.25-22.19.42:221][  0]LogConfig: Setting CVar [[r.Shadow.DistanceScale:1.0]]
[2022.09.25-22.19.42:221][  0]LogConfig: Setting CVar [[r.Shadow.CSM.TransitionScale:1.0]]
[2022.09.25-22.19.42:221][  0]LogConfig: Setting CVar [[r.Shadow.PreShadowResolutionFactor:1.0]]
[2022.09.25-22.19.42:221][  0]LogConfig: Setting CVar [[r.DistanceFieldShadowing:1]]
[2022.09.25-22.19.42:221][  0]LogConfig: Setting CVar [[r.DistanceFieldAO:1]]
[2022.09.25-22.19.42:222][  0]LogConfig: Setting CVar [[r.AOQuality:2]]
[2022.09.25-22.19.42:222][  0]LogConfig: Setting CVar [[r.VolumetricFog:1]]
[2022.09.25-22.19.42:222][  0]LogConfig: Setting CVar [[r.VolumetricFog.GridPixelSize:8]]
[2022.09.25-22.19.42:222][  0]LogConfig: Setting CVar [[r.VolumetricFog.GridSizeZ:128]]
[2022.09.25-22.19.42:222][  0]LogConfig: Setting CVar [[r.VolumetricFog.HistoryMissSupersampleCount:4]]
[2022.09.25-22.19.42:222][  0]LogConfig: Setting CVar [[r.LightMaxDrawDistanceScale:1]]
[2022.09.25-22.19.42:222][  0]LogConfig: Setting CVar [[r.CapsuleShadows:1]]
[2022.09.25-22.19.42:222][  0]LogConfig: Applying CVar settings from Section [PostProcessQuality@3] File [G:/My Passport/CS415/Level-Game/UnrealLearningKit/Saved/Config/Windows/Scalability.ini]
[2022.09.25-22.19.42:222][  0]LogConfig: Setting CVar [[r.MotionBlurQuality:4]]
[2022.09.25-22.19.42:222][  0]LogConfig: Setting CVar [[r.AmbientOcclusionMipLevelFactor:0.4]]
[2022.09.25-22.19.42:223][  0]LogConfig: Setting CVar [[r.AmbientOcclusionMaxQuality:100]]
[2022.09.25-22.19.42:223][  0]LogConfig: Setting CVar [[r.AmbientOcclusionLevels:-1]]
[2022.09.25-22.19.42:223][  0]LogConfig: Setting CVar [[r.AmbientOcclusionRadiusScale:1.0]]
[2022.09.25-22.19.42:223][  0]LogConfig: Setting CVar [[r.DepthOfFieldQuality:2]]
[2022.09.25-22.19.42:223][  0]LogConfig: Setting CVar [[r.RenderTargetPoolMin:400]]
[2022.09.25-22.19.42:223][  0]LogConfig: Setting CVar [[r.LensFlareQuality:2]]
[2022.09.25-22.19.42:223][  0]LogConfig: Setting CVar [[r.SceneColorFringeQuality:1]]
[2022.09.25-22.19.42:223][  0]LogConfig: Setting CVar [[r.EyeAdaptationQuality:2]]
[2022.09.25-22.19.42:223][  0]LogConfig: Setting CVar [[r.BloomQuality:5]]
[2022.09.25-22.19.42:223][  0]LogConfig: Setting CVar [[r.FastBlurThreshold:100]]
[2022.09.25-22.19.42:223][  0]LogConfig: Setting CVar [[r.Upscale.Quality:3]]
[2022.09.25-22.19.42:223][  0]LogConfig: Setting CVar [[r.Tonemapper.GrainQuantization:1]]
[2022.09.25-22.19.42:223][  0]LogConfig: Setting CVar [[r.LightShaftQuality:1]]
[2022.09.25-22.19.42:223][  0]LogConfig: Setting CVar [[r.Filter.SizeScale:1]]
[2022.09.25-22.19.42:223][  0]LogConfig: Setting CVar [[r.Tonemapper.Quality:5]]
[2022.09.25-22.19.42:223][  0]LogConfig: Setting CVar [[r.DOF.Gather.AccumulatorQuality:1        ; higher gathering accumulator quality]]
[2022.09.25-22.19.42:223][  0]LogConfig: Setting CVar [[r.DOF.Gather.PostfilterMethod:1          ; Median3x3 postfilering method]]
[2022.09.25-22.19.42:224][  0]LogConfig: Setting CVar [[r.DOF.Gather.EnableBokehSettings:0       ; no bokeh simulation when gathering]]
[2022.09.25-22.19.42:224][  0]LogConfig: Setting CVar [[r.DOF.Gather.RingCount:4                 ; medium number of samples when gathering]]
[2022.09.25-22.19.42:224][  0]LogConfig: Setting CVar [[r.DOF.Scatter.ForegroundCompositing:1    ; additive foreground scattering]]
[2022.09.25-22.19.42:224][  0]LogConfig: Setting CVar [[r.DOF.Scatter.BackgroundCompositing:2    ; additive background scattering]]
[2022.09.25-22.19.42:224][  0]LogConfig: Setting CVar [[r.DOF.Scatter.EnableBokehSettings:1      ; bokeh simulation when scattering]]
[2022.09.25-22.19.42:224][  0]LogConfig: Setting CVar [[r.DOF.Scatter.MaxSpriteRatio:0.1         ; only a maximum of 10% of scattered bokeh]]
[2022.09.25-22.19.42:224][  0]LogConfig: Setting CVar [[r.DOF.Recombine.Quality:1                ; cheap slight out of focus]]
[2022.09.25-22.19.42:224][  0]LogConfig: Setting CVar [[r.DOF.Recombine.EnableBokehSettings:0    ; no bokeh simulation on slight out of focus]]
[2022.09.25-22.19.42:224][  0]LogConfig: Setting CVar [[r.DOF.TemporalAAQuality:1                ; more stable temporal accumulation]]
[2022.09.25-22.19.42:224][  0]LogConfig: Setting CVar [[r.DOF.Kernel.MaxForegroundRadius:0.025]]
[2022.09.25-22.19.42:224][  0]LogConfig: Setting CVar [[r.DOF.Kernel.MaxBackgroundRadius:0.025]]
[2022.09.25-22.19.42:224][  0]LogConfig: Applying CVar settings from Section [TextureQuality@3] File [G:/My Passport/CS415/Level-Game/UnrealLearningKit/Saved/Config/Windows/Scalability.ini]
[2022.09.25-22.19.42:224][  0]LogConfig: Setting CVar [[r.Streaming.MipBias:0]]
[2022.09.25-22.19.42:224][  0]LogConfig: Setting CVar [[r.Streaming.AmortizeCPUToGPUCopy:0]]
[2022.09.25-22.19.42:224][  0]LogConfig: Setting CVar [[r.Streaming.MaxNumTexturesToStreamPerFrame:0]]
[2022.09.25-22.19.42:224][  0]LogConfig: Setting CVar [[r.Streaming.Boost:1]]
[2022.09.25-22.19.42:224][  0]LogConfig: Setting CVar [[r.MaxAnisotropy:8]]
[2022.09.25-22.19.42:224][  0]LogConfig: Setting CVar [[r.VT.MaxAnisotropy:8]]
[2022.09.25-22.19.42:224][  0]LogConfig: Setting CVar [[r.Streaming.LimitPoolSizeToVRAM:0]]
[2022.09.25-22.19.42:224][  0]LogConfig: Setting CVar [[r.Streaming.PoolSize:1000]]
[2022.09.25-22.19.42:224][  0]LogConfig: Setting CVar [[r.Streaming.MaxEffectiveScreenSize:0]]
[2022.09.25-22.19.42:224][  0]LogConfig: Applying CVar settings from Section [EffectsQuality@3] File [G:/My Passport/CS415/Level-Game/UnrealLearningKit/Saved/Config/Windows/Scalability.ini]
[2022.09.25-22.19.42:224][  0]LogConfig: Setting CVar [[r.TranslucencyLightingVolumeDim:64]]
[2022.09.25-22.19.42:224][  0]LogConfig: Setting CVar [[r.RefractionQuality:2]]
[2022.09.25-22.19.42:224][  0]LogConfig: Setting CVar [[r.SSR.Quality:3]]
[2022.09.25-22.19.42:224][  0]LogConfig: Setting CVar [[r.SSR.HalfResSceneColor:0]]
[2022.09.25-22.19.42:224][  0]LogConfig: Setting CVar [[r.SceneColorFormat:4]]
[2022.09.25-22.19.42:224][  0]LogConfig: Setting CVar [[r.DetailMode:2]]
[2022.09.25-22.19.42:224][  0]LogConfig: Setting CVar [[r.TranslucencyVolumeBlur:1]]
[2022.09.25-22.19.42:224][  0]LogConfig: Setting CVar [[r.MaterialQualityLevel:1 ; High quality]]
[2022.09.25-22.19.42:224][  0]LogConfig: Setting CVar [[r.AnisotropicMaterials:1]]
[2022.09.25-22.19.42:224][  0]LogConfig: Setting CVar [[r.SSS.Scale:1]]
[2022.09.25-22.19.42:224][  0]LogConfig: Setting CVar [[r.SSS.SampleSet:2]]
[2022.09.25-22.19.42:224][  0]LogConfig: Setting CVar [[r.SSS.Quality:1]]
[2022.09.25-22.19.42:224][  0]LogConfig: Setting CVar [[r.SSS.HalfRes:0]]
[2022.09.25-22.19.42:224][  0]LogConfig: Setting CVar [[r.SSGI.Quality:3]]
[2022.09.25-22.19.42:224][  0]LogConfig: Setting CVar [[r.EmitterSpawnRateScale:1.0]]
[2022.09.25-22.19.42:224][  0]LogConfig: Setting CVar [[r.ParticleLightQuality:2]]
[2022.09.25-22.19.42:224][  0]LogConfig: Setting CVar [[r.SkyAtmosphere.AerialPerspectiveLUT.FastApplyOnOpaque:1 ; Always have FastSkyLUT 1 in this case to avoid wrong sky]]
[2022.09.25-22.19.42:224][  0]LogConfig: Setting CVar [[r.SkyAtmosphere.AerialPerspectiveLUT.SampleCountMaxPerSlice:4]]
[2022.09.25-22.19.42:224][  0]LogConfig: Setting CVar [[r.SkyAtmosphere.AerialPerspectiveLUT.DepthResolution:16.0]]
[2022.09.25-22.19.42:224][  0]LogConfig: Setting CVar [[r.SkyAtmosphere.FastSkyLUT:1]]
[2022.09.25-22.19.42:224][  0]LogConfig: Setting CVar [[r.SkyAtmosphere.FastSkyLUT.SampleCountMin:4.0]]
[2022.09.25-22.19.42:224][  0]LogConfig: Setting CVar [[r.SkyAtmosphere.FastSkyLUT.SampleCountMax:128.0]]
[2022.09.25-22.19.42:224][  0]LogConfig: Setting CVar [[r.SkyAtmosphere.SampleCountMin:4.0]]
[2022.09.25-22.19.42:224][  0]LogConfig: Setting CVar [[r.SkyAtmosphere.SampleCountMax:128.0]]
[2022.09.25-22.19.42:224][  0]LogConfig: Setting CVar [[r.SkyAtmosphere.TransmittanceLUT.UseSmallFormat:0]]
[2022.09.25-22.19.42:224][  0]LogConfig: Setting CVar [[r.SkyAtmosphere.TransmittanceLUT.SampleCount:10.0]]
[2022.09.25-22.19.42:224][  0]LogConfig: Setting CVar [[r.SkyAtmosphere.MultiScatteringLUT.SampleCount:15.0]]
[2022.09.25-22.19.42:224][  0]LogConfig: Setting CVar [[r.SkyLight.RealTimeReflectionCapture:1]]
[2022.09.25-22.19.42:224][  0]LogConfig: Applying CVar settings from Section [FoliageQuality@3] File [G:/My Passport/CS415/Level-Game/UnrealLearningKit/Saved/Config/Windows/Scalability.ini]
[2022.09.25-22.19.42:224][  0]LogConfig: Setting CVar [[foliage.DensityScale:1.0]]
[2022.09.25-22.19.42:224][  0]LogConfig: Setting CVar [[grass.DensityScale:1.0]]
[2022.09.25-22.19.42:225][  0]LogConfig: Applying CVar settings from Section [ShadingQuality@3] File [G:/My Passport/CS415/Level-Game/UnrealLearningKit/Saved/Config/Windows/Scalability.ini]
[2022.09.25-22.19.42:225][  0]LogConfig: Setting CVar [[r.HairStrands.SkyLighting.IntegrationType:2]]
[2022.09.25-22.19.42:225][  0]LogConfig: Setting CVar [[r.HairStrands.SkyAO.SampleCount:4]]
[2022.09.25-22.19.42:225][  0]LogConfig: Setting CVar [[r.HairStrands.Visibility.MSAA.SamplePerPixel:4]]
[2022.09.25-22.19.42:234][  0]LogInit: Selected Device Profile: [Windows]
[2022.09.25-22.19.42:245][  0]LogInit: Applying CVar settings loaded from the selected device profile: [Windows]
[2022.09.25-22.19.42:256][  0]LogHAL: Display: Platform has ~ 12 GB [12765597696 / 17179869184 / 12], which maps to Larger [LargestMinGB=32, LargerMinGB=12, DefaultMinGB=8, SmallerMinGB=6, SmallestMinGB=0)
[2022.09.25-22.19.42:256][  0]LogInit: Going up to parent DeviceProfile []
[2022.09.25-22.19.42:263][  0]LogConfig: Applying CVar settings from Section [ViewDistanceQuality@3] File [G:/My Passport/CS415/Level-Game/UnrealLearningKit/Saved/Config/Windows/Scalability.ini]
[2022.09.25-22.19.42:263][  0]LogConfig: Setting CVar [[r.SkeletalMeshLODBias:0]]
[2022.09.25-22.19.42:263][  0]LogConfig: Setting CVar [[r.ViewDistanceScale:1.0]]
[2022.09.25-22.19.42:263][  0]LogConfig: Applying CVar settings from Section [AntiAliasingQuality@3] File [G:/My Passport/CS415/Level-Game/UnrealLearningKit/Saved/Config/Windows/Scalability.ini]
[2022.09.25-22.19.42:263][  0]LogConfig: Setting CVar [[r.PostProcessAAQuality:4]]
[2022.09.25-22.19.42:263][  0]LogConfig: Applying CVar settings from Section [ShadowQuality@3] File [G:/My Passport/CS415/Level-Game/UnrealLearningKit/Saved/Config/Windows/Scalability.ini]
[2022.09.25-22.19.42:263][  0]LogConfig: Setting CVar [[r.LightFunctionQuality:1]]
[2022.09.25-22.19.42:264][  0]LogConfig: Setting CVar [[r.ShadowQuality:5]]
[2022.09.25-22.19.42:264][  0]LogConfig: Setting CVar [[r.Shadow.CSM.MaxCascades:10]]
[2022.09.25-22.19.42:264][  0]LogConfig: Setting CVar [[r.Shadow.MaxResolution:2048]]
[2022.09.25-22.19.42:264][  0]LogConfig: Setting CVar [[r.Shadow.MaxCSMResolution:2048]]
[2022.09.25-22.19.42:264][  0]LogConfig: Setting CVar [[r.Shadow.RadiusThreshold:0.01]]
[2022.09.25-22.19.42:264][  0]LogConfig: Setting CVar [[r.Shadow.DistanceScale:1.0]]
[2022.09.25-22.19.42:264][  0]LogConfig: Setting CVar [[r.Shadow.CSM.TransitionScale:1.0]]
[2022.09.25-22.19.42:264][  0]LogConfig: Setting CVar [[r.Shadow.PreShadowResolutionFactor:1.0]]
[2022.09.25-22.19.42:264][  0]LogConfig: Setting CVar [[r.DistanceFieldShadowing:1]]
[2022.09.25-22.19.42:264][  0]LogConfig: Setting CVar [[r.DistanceFieldAO:1]]
[2022.09.25-22.19.42:264][  0]LogConfig: Setting CVar [[r.AOQuality:2]]
[2022.09.25-22.19.42:264][  0]LogConfig: Setting CVar [[r.VolumetricFog:1]]
[2022.09.25-22.19.42:264][  0]LogConfig: Setting CVar [[r.VolumetricFog.GridPixelSize:8]]
[2022.09.25-22.19.42:264][  0]LogConfig: Setting CVar [[r.VolumetricFog.GridSizeZ:128]]
[2022.09.25-22.19.42:264][  0]LogConfig: Setting CVar [[r.VolumetricFog.HistoryMissSupersampleCount:4]]
[2022.09.25-22.19.42:264][  0]LogConfig: Setting CVar [[r.LightMaxDrawDistanceScale:1]]
[2022.09.25-22.19.42:264][  0]LogConfig: Setting CVar [[r.CapsuleShadows:1]]
[2022.09.25-22.19.42:264][  0]LogConfig: Applying CVar settings from Section [PostProcessQuality@3] File [G:/My Passport/CS415/Level-Game/UnrealLearningKit/Saved/Config/Windows/Scalability.ini]
[2022.09.25-22.19.42:264][  0]LogConfig: Setting CVar [[r.MotionBlurQuality:4]]
[2022.09.25-22.19.42:264][  0]LogConfig: Setting CVar [[r.AmbientOcclusionMipLevelFactor:0.4]]
[2022.09.25-22.19.42:264][  0]LogConfig: Setting CVar [[r.AmbientOcclusionMaxQuality:100]]
[2022.09.25-22.19.42:264][  0]LogConfig: Setting CVar [[r.AmbientOcclusionLevels:-1]]
[2022.09.25-22.19.42:264][  0]LogConfig: Setting CVar [[r.AmbientOcclusionRadiusScale:1.0]]
[2022.09.25-22.19.42:264][  0]LogConfig: Setting CVar [[r.DepthOfFieldQuality:2]]
[2022.09.25-22.19.42:264][  0]LogConfig: Setting CVar [[r.RenderTargetPoolMin:400]]
[2022.09.25-22.19.42:264][  0]LogConfig: Setting CVar [[r.LensFlareQuality:2]]
[2022.09.25-22.19.42:264][  0]LogConfig: Setting CVar [[r.SceneColorFringeQuality:1]]
[2022.09.25-22.19.42:264][  0]LogConfig: Setting CVar [[r.EyeAdaptationQuality:2]]
[2022.09.25-22.19.42:264][  0]LogConfig: Setting CVar [[r.BloomQuality:5]]
[2022.09.25-22.19.42:264][  0]LogConfig: Setting CVar [[r.FastBlurThreshold:100]]
[2022.09.25-22.19.42:264][  0]LogConfig: Setting CVar [[r.Upscale.Quality:3]]
[2022.09.25-22.19.42:264][  0]LogConfig: Setting CVar [[r.Tonemapper.GrainQuantization:1]]
[2022.09.25-22.19.42:264][  0]LogConfig: Setting CVar [[r.LightShaftQuality:1]]
[2022.09.25-22.19.42:264][  0]LogConfig: Setting CVar [[r.Filter.SizeScale:1]]
[2022.09.25-22.19.42:264][  0]LogConfig: Setting CVar [[r.Tonemapper.Quality:5]]
[2022.09.25-22.19.42:264][  0]LogConfig: Setting CVar [[r.DOF.Gather.AccumulatorQuality:1        ; higher gathering accumulator quality]]
[2022.09.25-22.19.42:264][  0]LogConfig: Setting CVar [[r.DOF.Gather.PostfilterMethod:1          ; Median3x3 postfilering method]]
[2022.09.25-22.19.42:264][  0]LogConfig: Setting CVar [[r.DOF.Gather.EnableBokehSettings:0       ; no bokeh simulation when gathering]]
[2022.09.25-22.19.42:264][  0]LogConfig: Setting CVar [[r.DOF.Gather.RingCount:4                 ; medium number of samples when gathering]]
[2022.09.25-22.19.42:264][  0]LogConfig: Setting CVar [[r.DOF.Scatter.ForegroundCompositing:1    ; additive foreground scattering]]
[2022.09.25-22.19.42:264][  0]LogConfig: Setting CVar [[r.DOF.Scatter.BackgroundCompositing:2    ; additive background scattering]]
[2022.09.25-22.19.42:264][  0]LogConfig: Setting CVar [[r.DOF.Scatter.EnableBokehSettings:1      ; bokeh simulation when scattering]]
[2022.09.25-22.19.42:265][  0]LogConfig: Setting CVar [[r.DOF.Scatter.MaxSpriteRatio:0.1         ; only a maximum of 10% of scattered bokeh]]
[2022.09.25-22.19.42:265][  0]LogConfig: Setting CVar [[r.DOF.Recombine.Quality:1                ; cheap slight out of focus]]
[2022.09.25-22.19.42:265][  0]LogConfig: Setting CVar [[r.DOF.Recombine.EnableBokehSettings:0    ; no bokeh simulation on slight out of focus]]
[2022.09.25-22.19.42:265][  0]LogConfig: Setting CVar [[r.DOF.TemporalAAQuality:1                ; more stable temporal accumulation]]
[2022.09.25-22.19.42:265][  0]LogConfig: Setting CVar [[r.DOF.Kernel.MaxForegroundRadius:0.025]]
[2022.09.25-22.19.42:265][  0]LogConfig: Setting CVar [[r.DOF.Kernel.MaxBackgroundRadius:0.025]]
[2022.09.25-22.19.42:265][  0]LogConfig: Applying CVar settings from Section [TextureQuality@3] File [G:/My Passport/CS415/Level-Game/UnrealLearningKit/Saved/Config/Windows/Scalability.ini]
[2022.09.25-22.19.42:265][  0]LogConfig: Setting CVar [[r.Streaming.MipBias:0]]
[2022.09.25-22.19.42:265][  0]LogConfig: Setting CVar [[r.Streaming.AmortizeCPUToGPUCopy:0]]
[2022.09.25-22.19.42:265][  0]LogConfig: Setting CVar [[r.Streaming.MaxNumTexturesToStreamPerFrame:0]]
[2022.09.25-22.19.42:265][  0]LogConfig: Setting CVar [[r.Streaming.Boost:1]]
[2022.09.25-22.19.42:265][  0]LogConfig: Setting CVar [[r.MaxAnisotropy:8]]
[2022.09.25-22.19.42:265][  0]LogConfig: Setting CVar [[r.VT.MaxAnisotropy:8]]
[2022.09.25-22.19.42:265][  0]LogConfig: Setting CVar [[r.Streaming.LimitPoolSizeToVRAM:0]]
[2022.09.25-22.19.42:265][  0]LogConfig: Setting CVar [[r.Streaming.PoolSize:1000]]
[2022.09.25-22.19.42:265][  0]LogConfig: Setting CVar [[r.Streaming.MaxEffectiveScreenSize:0]]
[2022.09.25-22.19.42:265][  0]LogConfig: Applying CVar settings from Section [EffectsQuality@3] File [G:/My Passport/CS415/Level-Game/UnrealLearningKit/Saved/Config/Windows/Scalability.ini]
[2022.09.25-22.19.42:265][  0]LogConfig: Setting CVar [[r.TranslucencyLightingVolumeDim:64]]
[2022.09.25-22.19.42:265][  0]LogConfig: Setting CVar [[r.RefractionQuality:2]]
[2022.09.25-22.19.42:265][  0]LogConfig: Setting CVar [[r.SSR.Quality:3]]
[2022.09.25-22.19.42:265][  0]LogConfig: Setting CVar [[r.SSR.HalfResSceneColor:0]]
[2022.09.25-22.19.42:265][  0]LogConfig: Setting CVar [[r.SceneColorFormat:4]]
[2022.09.25-22.19.42:265][  0]LogConfig: Setting CVar [[r.DetailMode:2]]
[2022.09.25-22.19.42:265][  0]LogConfig: Setting CVar [[r.TranslucencyVolumeBlur:1]]
[2022.09.25-22.19.42:265][  0]LogConfig: Setting CVar [[r.MaterialQualityLevel:1 ; High quality]]
[2022.09.25-22.19.42:265][  0]LogConfig: Setting CVar [[r.AnisotropicMaterials:1]]
[2022.09.25-22.19.42:265][  0]LogConfig: Setting CVar [[r.SSS.Scale:1]]
[2022.09.25-22.19.42:265][  0]LogConfig: Setting CVar [[r.SSS.SampleSet:2]]
[2022.09.25-22.19.42:265][  0]LogConfig: Setting CVar [[r.SSS.Quality:1]]
[2022.09.25-22.19.42:265][  0]LogConfig: Setting CVar [[r.SSS.HalfRes:0]]
[2022.09.25-22.19.42:265][  0]LogConfig: Setting CVar [[r.SSGI.Quality:3]]
[2022.09.25-22.19.42:265][  0]LogConfig: Setting CVar [[r.EmitterSpawnRateScale:1.0]]
[2022.09.25-22.19.42:265][  0]LogConfig: Setting CVar [[r.ParticleLightQuality:2]]
[2022.09.25-22.19.42:265][  0]LogConfig: Setting CVar [[r.SkyAtmosphere.AerialPerspectiveLUT.FastApplyOnOpaque:1 ; Always have FastSkyLUT 1 in this case to avoid wrong sky]]
[2022.09.25-22.19.42:265][  0]LogConfig: Setting CVar [[r.SkyAtmosphere.AerialPerspectiveLUT.SampleCountMaxPerSlice:4]]
[2022.09.25-22.19.42:265][  0]LogConfig: Setting CVar [[r.SkyAtmosphere.AerialPerspectiveLUT.DepthResolution:16.0]]
[2022.09.25-22.19.42:265][  0]LogConfig: Setting CVar [[r.SkyAtmosphere.FastSkyLUT:1]]
[2022.09.25-22.19.42:265][  0]LogConfig: Setting CVar [[r.SkyAtmosphere.FastSkyLUT.SampleCountMin:4.0]]
[2022.09.25-22.19.42:265][  0]LogConfig: Setting CVar [[r.SkyAtmosphere.FastSkyLUT.SampleCountMax:128.0]]
[2022.09.25-22.19.42:265][  0]LogConfig: Setting CVar [[r.SkyAtmosphere.SampleCountMin:4.0]]
[2022.09.25-22.19.42:265][  0]LogConfig: Setting CVar [[r.SkyAtmosphere.SampleCountMax:128.0]]
[2022.09.25-22.19.42:265][  0]LogConfig: Setting CVar [[r.SkyAtmosphere.TransmittanceLUT.UseSmallFormat:0]]
[2022.09.25-22.19.42:265][  0]LogConfig: Setting CVar [[r.SkyAtmosphere.TransmittanceLUT.SampleCount:10.0]]
[2022.09.25-22.19.42:265][  0]LogConfig: Setting CVar [[r.SkyAtmosphere.MultiScatteringLUT.SampleCount:15.0]]
[2022.09.25-22.19.42:265][  0]LogConfig: Setting CVar [[r.SkyLight.RealTimeReflectionCapture:1]]
[2022.09.25-22.19.42:265][  0]LogConfig: Applying CVar settings from Section [FoliageQuality@3] File [G:/My Passport/CS415/Level-Game/UnrealLearningKit/Saved/Config/Windows/Scalability.ini]
[2022.09.25-22.19.42:266][  0]LogConfig: Setting CVar [[foliage.DensityScale:1.0]]
[2022.09.25-22.19.42:266][  0]LogConfig: Setting CVar [[grass.DensityScale:1.0]]
[2022.09.25-22.19.42:266][  0]LogConfig: Applying CVar settings from Section [ShadingQuality@3] File [G:/My Passport/CS415/Level-Game/UnrealLearningKit/Saved/Config/Windows/Scalability.ini]
[2022.09.25-22.19.42:266][  0]LogConfig: Setting CVar [[r.HairStrands.SkyLighting.IntegrationType:2]]
[2022.09.25-22.19.42:266][  0]LogConfig: Setting CVar [[r.HairStrands.SkyAO.SampleCount:4]]
[2022.09.25-22.19.42:266][  0]LogConfig: Setting CVar [[r.HairStrands.Visibility.MSAA.SamplePerPixel:4]]
[2022.09.25-22.19.42:266][  0]LogConfig: Applying CVar settings from Section [Startup] File [../../../Engine/Config/ConsoleVariables.ini]
[2022.09.25-22.19.42:283][  0]LogConfig: Setting CVar [[net.UseAdaptiveNetUpdateFrequency:0]]
[2022.09.25-22.19.42:283][  0]LogConfig: Setting CVar [[p.chaos.AllowCreatePhysxBodies:1]]
[2022.09.25-22.19.42:283][  0]LogConfig: Setting CVar [[fx.SkipVectorVMBackendOptimizations:1]]
[2022.09.25-22.19.42:283][  0]LogConfig: Applying CVar settings from Section [ConsoleVariables] File [G:/My Passport/CS415/Level-Game/UnrealLearningKit/Saved/Config/Windows/Engine.ini]
[2022.09.25-22.19.42:283][  0]LogConfig: Applying CVar settings from Section [ConsoleVariables] File [G:/My Passport/CS415/Level-Game/UnrealLearningKit/Saved/Config/Windows/Editor.ini]
[2022.09.25-22.19.42:307][  0]LogInit: Computer: LAPTOP-B5I02VDR
[2022.09.25-22.19.42:307][  0]LogInit: User: Admin
[2022.09.25-22.19.42:307][  0]LogInit: CPU Page size=4096, Cores=4
[2022.09.25-22.19.42:307][  0]LogInit: High frequency timer resolution =10.000000 MHz
[2022.09.25-22.19.42:307][  0]LogMemory: Memory total: Physical=11.9GB (12GB approx)
[2022.09.25-22.19.42:307][  0]LogMemory: Platform Memory Stats for Windows
[2022.09.25-22.19.42:307][  0]LogMemory: Process Physical Memory: 142.93 MB used, 142.94 MB peak
[2022.09.25-22.19.42:307][  0]LogMemory: Process Virtual Memory: 126.70 MB used, 126.70 MB peak
[2022.09.25-22.19.42:307][  0]LogMemory: Physical Memory: 5081.22 MB used,  7093.00 MB free, 12174.22 MB total
[2022.09.25-22.19.42:307][  0]LogMemory: Virtual Memory: 134205824.00 MB used,  11904.27 MB free, 134217728.00 MB total
[2022.09.25-22.19.42:321][  0]LogWindows: WindowsPlatformFeatures enabled
[2022.09.25-22.19.43:286][  0]LogInit: Physics initialised using underlying interface: PhysX
[2022.09.25-22.19.43:308][  0]LogInit: Using OS detected language (en-GB).
[2022.09.25-22.19.43:308][  0]LogInit: Using OS detected locale (en-GB).
[2022.09.25-22.19.43:393][  0]LogTextLocalizationManager: No specific localization for 'en-GB' exists, so the 'en' localization will be used.
[2022.09.25-22.19.43:973][  0]LogInit: Setting process to per monitor DPI aware
[2022.09.25-22.19.44:304][  0]LogWindowsTextInputMethodSystem: Display: IME system deactivated.
[2022.09.25-22.19.44:764][  0]LogSlate: New Slate User Created.  User Index 0, Is Virtual User: 0
[2022.09.25-22.19.44:764][  0]LogSlate: Slate User Registered.  User Index 0, Is Virtual User: 0
[2022.09.25-22.19.46:040][  0]LogD3D11RHI: Loaded GFSDK_Aftermath_Lib.x64.dll
[2022.09.25-22.19.46:137][  0]LogHMD: Failed to initialize OpenVR with code 110
[2022.09.25-22.19.46:137][  0]LogD3D11RHI: D3D11 min allowed feature level: 11_0
[2022.09.25-22.19.46:137][  0]LogD3D11RHI: D3D11 max allowed feature level: 11_0
[2022.09.25-22.19.46:137][  0]LogD3D11RHI: D3D11 adapters:
[2022.09.25-22.19.46:705][  0]LogD3D11RHI:    0. 'NVIDIA GeForce 940MX' (Feature Level 11_0)
[2022.09.25-22.19.46:705][  0]LogD3D11RHI:       2010/0/6087 MB DedicatedVideo/DedicatedSystem/SharedSystem, Outputs:2, VendorId:0x10de
[2022.09.25-22.19.46:726][  0]LogD3D11RHI:    1. 'Intel(R) UHD Graphics 620' (Feature Level 11_0)
[2022.09.25-22.19.46:726][  0]LogD3D11RHI:       128/0/6087 MB DedicatedVideo/DedicatedSystem/SharedSystem, Outputs:0, VendorId:0x8086
[2022.09.25-22.19.46:729][  0]LogD3D11RHI:    2. 'Microsoft Basic Render Driver' (Feature Level 11_0)
[2022.09.25-22.19.46:729][  0]LogD3D11RHI:       0/0/6087 MB DedicatedVideo/DedicatedSystem/SharedSystem, Outputs:0, VendorId:0x1414
[2022.09.25-22.19.46:729][  0]LogD3D11RHI: Chosen D3D11 Adapter:
[2022.09.25-22.19.46:729][  0]LogD3D11RHI:     Description : NVIDIA GeForce 940MX
[2022.09.25-22.19.46:729][  0]LogD3D11RHI:     VendorId    : 10de
[2022.09.25-22.19.46:729][  0]LogD3D11RHI:     DeviceId    : 134d
[2022.09.25-22.19.46:729][  0]LogD3D11RHI:     SubSysId    : 841c103c
[2022.09.25-22.19.46:729][  0]LogD3D11RHI:     Revision    : 00a2
[2022.09.25-22.19.46:729][  0]LogD3D11RHI:     DedicatedVideoMemory : 2107703296 bytes
[2022.09.25-22.19.46:729][  0]LogD3D11RHI:     DedicatedSystemMemory : 0 bytes
[2022.09.25-22.19.46:729][  0]LogD3D11RHI:     SharedSystemMemory : 6382798848 bytes
[2022.09.25-22.19.46:729][  0]LogD3D11RHI:     AdapterLuid : 0 110207
[2022.09.25-22.19.46:737][  0]LogD3D11RHI: Creating new Direct3DDevice
[2022.09.25-22.19.46:737][  0]LogD3D11RHI:     GPU DeviceId: 0x134d (for the marketing name, search the web for "GPU Device Id")
[2022.09.25-22.19.46:737][  0]LogWindows: EnumDisplayDevices:
[2022.09.25-22.19.46:737][  0]LogWindows:    0. 'Intel(R) UHD Graphics 620' (P:1 D:1)
[2022.09.25-22.19.46:738][  0]LogWindows:    1. 'Intel(R) UHD Graphics 620' (P:0 D:1)
[2022.09.25-22.19.46:738][  0]LogWindows:    2. 'Intel(R) UHD Graphics 620' (P:0 D:0)
[2022.09.25-22.19.46:738][  0]LogWindows: DebugString: PrimaryIsNotTheChoosenAdapter PrimaryIsNotTheChoosenAdapter PrimaryIsNotTheChoosenAdapter FoundDriverCount:0 
[2022.09.25-22.19.46:738][  0]LogD3D11RHI:     Adapter Name: NVIDIA GeForce 940MX
[2022.09.25-22.19.46:738][  0]LogD3D11RHI:   Driver Version: Unknown (internal:Unknown, unified:Unknown)
[2022.09.25-22.19.46:738][  0]LogD3D11RHI:      Driver Date: Unknown
[2022.09.25-22.19.46:739][  0]LogRHI: Texture pool is 1407 MB (70% of 2010 MB)
[2022.09.25-22.19.46:739][  0]LogD3D11RHI: Creating D3DDevice using adapter:
[2022.09.25-22.19.46:739][  0]LogD3D11RHI:     Description : NVIDIA GeForce 940MX
[2022.09.25-22.19.46:739][  0]LogD3D11RHI:     VendorId    : 10de
[2022.09.25-22.19.46:739][  0]LogD3D11RHI:     DeviceId    : 134d
[2022.09.25-22.19.46:739][  0]LogD3D11RHI:     SubSysId    : 841c103c
[2022.09.25-22.19.46:739][  0]LogD3D11RHI:     Revision    : 00a2
[2022.09.25-22.19.46:739][  0]LogD3D11RHI:     DedicatedVideoMemory : 2107703296 bytes
[2022.09.25-22.19.46:739][  0]LogD3D11RHI:     DedicatedSystemMemory : 0 bytes
[2022.09.25-22.19.46:739][  0]LogD3D11RHI:     SharedSystemMemory : 6382798848 bytes
[2022.09.25-22.19.46:739][  0]LogD3D11RHI:     AdapterLuid : 0 110207
[2022.09.25-22.19.46:841][  0]LogD3D11RHI: RHI has support for 64 bit atomics
[2022.09.25-22.19.46:843][  0]LogD3D11RHI: Async texture creation enabled
[2022.09.25-22.19.47:361][  0]LogD3D11RHI: GPU Timing Frequency: 1000.000000 (Debug: 2 2)
[2022.09.25-22.19.47:522][  0]LogRHI: GeForceNow SDK initialized: 1
[2022.09.25-22.19.48:486][  0]LogTargetPlatformManager: Display: Loaded TargetPlatform 'AllDesktop'
[2022.09.25-22.19.48:513][  0]LogTargetPlatformManager: Display: Loaded TargetPlatform 'Android'
[2022.09.25-22.19.48:513][  0]LogTargetPlatformManager: Display: Loaded TargetPlatform 'Android_ASTC'
[2022.09.25-22.19.48:513][  0]LogTargetPlatformManager: Display: Loaded TargetPlatform 'Android_DXT'
[2022.09.25-22.19.48:513][  0]LogTargetPlatformManager: Display: Loaded TargetPlatform 'Android_ETC2'
[2022.09.25-22.19.48:513][  0]LogTargetPlatformManager: Display: Loaded TargetPlatform 'AndroidClient'
[2022.09.25-22.19.48:513][  0]LogTargetPlatformManager: Display: Loaded TargetPlatform 'Android_ASTCClient'
[2022.09.25-22.19.48:513][  0]LogTargetPlatformManager: Display: Loaded TargetPlatform 'Android_DXTClient'
[2022.09.25-22.19.48:513][  0]LogTargetPlatformManager: Display: Loaded TargetPlatform 'Android_ETC2Client'
[2022.09.25-22.19.48:513][  0]LogTargetPlatformManager: Display: Loaded TargetPlatform 'Android_Multi'
[2022.09.25-22.19.48:513][  0]LogTargetPlatformManager: Display: Loaded TargetPlatform 'Android_MultiClient'
[2022.09.25-22.19.48:551][  0]LogTargetPlatformManager: Display: Loaded TargetPlatform 'IOSClient'
[2022.09.25-22.19.48:551][  0]LogTargetPlatformManager: Display: Loaded TargetPlatform 'IOS'
[2022.09.25-22.19.48:592][  0]LogTargetPlatformManager: Display: Loaded TargetPlatform 'Linux'
[2022.09.25-22.19.48:610][  0]LogTargetPlatformManager: Display: Loaded TargetPlatform 'LinuxNoEditor'
[2022.09.25-22.19.48:619][  0]LogTargetPlatformManager: Display: Loaded TargetPlatform 'LinuxClient'
[2022.09.25-22.19.48:634][  0]LogTargetPlatformManager: Display: Loaded TargetPlatform 'LinuxServer'
[2022.09.25-22.19.48:667][  0]LogTargetPlatformManager: Display: Loaded TargetPlatform 'LinuxAArch64NoEditor'
[2022.09.25-22.19.48:678][  0]LogTargetPlatformManager: Display: Loaded TargetPlatform 'LinuxAArch64Client'
[2022.09.25-22.19.48:690][  0]LogTargetPlatformManager: Display: Loaded TargetPlatform 'LinuxAArch64Server'
[2022.09.25-22.19.48:750][  0]LogTargetPlatformManager: Display: Loaded TargetPlatform 'Lumin'
[2022.09.25-22.19.48:750][  0]LogTargetPlatformManager: Display: Loaded TargetPlatform 'LuminClient'
[2022.09.25-22.19.48:826][  0]LogTargetPlatformManager: Display: Loaded TargetPlatform 'MacNoEditor'
[2022.09.25-22.19.48:832][  0]LogTargetPlatformManager: Display: Loaded TargetPlatform 'Mac'
[2022.09.25-22.19.48:838][  0]LogTargetPlatformManager: Display: Loaded TargetPlatform 'MacClient'
[2022.09.25-22.19.48:844][  0]LogTargetPlatformManager: Display: Loaded TargetPlatform 'MacServer'
[2022.09.25-22.19.48:862][  0]LogTargetPlatformManager: Display: Loaded TargetPlatform 'TVOSClient'
[2022.09.25-22.19.48:862][  0]LogTargetPlatformManager: Display: Loaded TargetPlatform 'TVOS'
[2022.09.25-22.19.48:921][  0]LogTargetPlatformManager: Display: Loaded TargetPlatform 'WindowsNoEditor'
[2022.09.25-22.19.48:944][  0]LogTargetPlatformManager: Display: Loaded TargetPlatform 'Windows'
[2022.09.25-22.19.48:954][  0]LogTargetPlatformManager: Display: Loaded TargetPlatform 'WindowsClient'
[2022.09.25-22.19.48:980][  0]LogTargetPlatformManager: Display: Loaded TargetPlatform 'WindowsServer'
[2022.09.25-22.19.48:980][  0]LogTargetPlatformManager: Display: Building Assets For Windows
[2022.09.25-22.19.49:172][  0]LogAudioDebug: Display: Lib vorbis DLL was dynamically loaded.
[2022.09.25-22.19.49:590][  0]LogTextureFormatOodle: Display: Oodle Texture 2.9.0 init RDO Off
[2022.09.25-22.19.50:487][  0]LogRendererCore: Ray tracing is disabled. Reason: r.RayTracing=0.
[2022.09.25-22.19.50:529][  0]LogShaderCompilers: Guid format shader working directory is -3 characters bigger than the processId version (../../../../../CS415/Level-Game/UnrealLearningKit/Intermediate/Shaders/WorkingDirectory/4608/).
[2022.09.25-22.19.50:529][  0]LogShaderCompilers: Cleaned the shader compiler working directory 'C:/Users/Admin/AppData/Local/Temp/UnrealShaderWorkingDir/C6D0E01C4C7F9F70EEFA618866C44F4A/'.
[2022.09.25-22.19.50:538][  0]LogXGEController: Cannot use XGE Controller as Incredibuild is not installed on this machine.
[2022.09.25-22.19.50:539][  0]LogShaderCompilers: Cannot use XGE Shader Compiler as Incredibuild is not installed on this machine.
[2022.09.25-22.19.50:539][  0]LogShaderCompilers: Display: Using Local Shader Compiler.
[2022.09.25-22.19.55:191][  0]LogDerivedDataCache: Display: Max Cache Size: 512 MB
[2022.09.25-22.19.55:549][  0]LogDerivedDataCache: Loaded boot cache 0.36s 103MB C:/Users/Admin/AppData/Local/UnrealEngine/4.27/DerivedDataCache/Boot.ddc.
[2022.09.25-22.19.55:549][  0]LogDerivedDataCache: Display: Loaded Boot cache: C:/Users/Admin/AppData/Local/UnrealEngine/4.27/DerivedDataCache/Boot.ddc
[2022.09.25-22.19.55:613][  0]LogDerivedDataCache: FDerivedDataBackendGraph:  Pak pak cache file ../../../../../CS415/Level-Game/UnrealLearningKit/DerivedDataCache/DDC.ddp not found, will not use a pak cache.
[2022.09.25-22.19.55:613][  0]LogDerivedDataCache: Unable to find inner node Pak for hierarchical cache Hierarchy.
[2022.09.25-22.19.55:613][  0]LogDerivedDataCache: FDerivedDataBackendGraph:  CompressedPak pak cache file ../../../../../CS415/Level-Game/UnrealLearningKit/DerivedDataCache/Compressed.ddp not found, will not use a pak cache.
[2022.09.25-22.19.55:613][  0]LogDerivedDataCache: Unable to find inner node CompressedPak for hierarchical cache Hierarchy.
[2022.09.25-22.19.55:718][  0]LogDerivedDataCache: Display: Pak cache opened for reading ../../../Engine/DerivedDataCache/Compressed.ddp.
[2022.09.25-22.19.55:718][  0]LogDerivedDataCache: FDerivedDataBackendGraph:  EnterprisePak pak cache file ../../../Enterprise/DerivedDataCache/Compressed.ddp not found, will not use a pak cache.
[2022.09.25-22.19.55:718][  0]LogDerivedDataCache: Unable to find inner node EnterprisePak for hierarchical cache Hierarchy.
[2022.09.25-22.19.55:742][  0]LogDerivedDataCache: Speed tests for C:/Users/Admin/AppData/Local/UnrealEngine/Common/DerivedDataCache took 0.02 seconds
[2022.09.25-22.19.55:743][  0]LogDerivedDataCache: Display: Performance to C:/Users/Admin/AppData/Local/UnrealEngine/Common/DerivedDataCache: Latency=0.70ms. RandomReadSpeed=114.08MBs, RandomWriteSpeed=115.01MBs. Assigned SpeedClass 'Local'
[2022.09.25-22.19.55:743][  0]LogDerivedDataCache: Using Local data cache path C:/Users/Admin/AppData/Local/UnrealEngine/Common/DerivedDataCache: Writable
[2022.09.25-22.19.55:743][  0]LogDerivedDataCache: Shared data cache path not found in *engine.ini, will not use an Shared cache.
[2022.09.25-22.19.55:744][  0]LogDerivedDataCache: Unable to find inner node Shared for hierarchical cache Hierarchy.
[2022.09.25-22.19.56:017][  0]LogSlate: Using FreeType 2.10.0
[2022.09.25-22.19.56:132][  0]LogSlate: SlateFontServices - WITH_FREETYPE: 1, WITH_HARFBUZZ: 1
[2022.09.25-22.19.57:428][  0]LogAssetRegistry: FAssetRegistry took 0.0189 seconds to start up
[2022.09.25-22.20.02:432][  0]LogInit: Selected Device Profile: [Windows]
[2022.09.25-22.20.02:433][  0]LogInit: Active device profile: [0000020AC53C2600][0000020AC2EEB180 49] Windows
[2022.09.25-22.20.02:433][  0]LogInit: Profiles: [0000020AC53C2600][0000020AC2EEB180 49] Windows, [0000020AC5376900][0000020AC2BB7300 49] WindowsNoEditor, [0000020AC53C2E00][0000020AC2BBB480 49] WindowsServer, [0000020AC5375300][0000020AC2BBF600 49] WindowsClient, [0000020AC53C1200][0000020AC3A51780 49] IOS, [0000020AC5377F00][0000020AC3A55900 49] iPadAir, [0000020AC53C2200][0000020AC3A59A80 49] iPadAir2, [0000020AC532A600][0000020AC3A601C0 49] IPadPro, [0000020AC532A700][0000020AC3A5C200 49] iPadAir3, [0000020AC53C2400][0000020AC3A64380 49] iPadAir4, [0000020AC532AD00][0000020AC3A68500 49] iPadMini2, [0000020AC53C0200][0000020AC3A6C680 49] iPadMini3, [0000020AC532B000][0000020AC3A70800 49] iPadMini4, [0000020AC53C3100][0000020AC2BB2940 49] iPadMini5, [0000020AC5365F00][0000020AC3A78B80 49] iPhone6, [0000020AC5366000][0000020AC3A74BC0 49] iPodTouch6, [0000020AC5329F00][0000020AC3A84E40 49] iPhone7, [0000020AC532A000][0000020AC3A7CE80 49] iPodTouch7, [0000020AC5366500][0000020AC3A89000 49] iPhone5S, [0000020AC5329100][0000020AC3A8D180 49] iPhone6Plus, [0000020AC5366A00][0000020AC3A91300 49] iPhone6S, [0000020AC5328E00][0000020AC3A95480 49] iPhone6SPlus, [0000020AC5365B00][0000020AC3A99600 49] iPhone7Plus, [0000020AC5329400][0000020AC3A9D780 49] iPhoneSE, [0000020AC5367F00][0000020AC3AA1900 49] iPhone8, [0000020AC532AB00][0000020AC3AA5A80 49] iPhone8Plus, [0000020AC5367A00][0000020AC3AA9C00 49] iPhoneX, [0000020AC532B600][0000020AC3AAC200 49] iPhoneXS, [0000020AC5364800][0000020AC3AB0380 49] iPhoneXSMax, [0000020AC532B900][0000020AC3AB4500 49] iPhoneXR, [0000020AC5366F00][0000020AC3AB8680 49] iPhone11, [0000020AC5328A00][0000020AC3ABC800 49] iPhone11Pro, [0000020AC5364E00][0000020AC3AC0980 49] iPhone11ProMax, [0000020AC532A500][0000020AC3AC4B00 49] iPhoneSE2, [0000020AC5367000][0000020AC3A80C40 49] iPhone12Mini, [0000020AC5329800][0000020AC3AC8D80 49] iPhone12, [0000020AC5366400][0000020AC3ACCEC0 49] iPhone12Pro, [0000020AC532B100][0000020AC3AD5040 49] iPhone12ProMax, [0000020AC5365700][0000020AC3AD91C0 49] iPadPro105, [0000020AC5328400][0000020AC3ADD340 49] iPadPro129, [0000020AC5367B00][0000020AC3AE14C0 49] iPadPro97, [0000020AC5328200][0000020AC3AE5640 49] iPadPro2_129, [0000020AC5364100][0000020AC3AE97C0 49] iPad5, [0000020AC532BB00][0000020AC3AED940 49] iPad6, [0000020AC5366D00][0000020AC3AF1AC0 49] iPad7, [0000020AC532B800][0000020AC3AF40C0 49] iPad8, [0000020AC5400800][0000020AC3AF8240 49] iPadPro11, [0000020AC5376100][0000020AC3AFC3C0 49] iPadPro2_11, [0000020AC5400B00][0000020AC3B00540 49] iPadPro3_129, [0000020AC5374700][0000020AC3B046C0 49] iPadPro4_129, [0000020AC5400C00][0000020AC3B08840 49] AppleTV, [0000020AC5374900][0000020AC3B0C9C0 49] AppleTV4K, [0000020AC5401100][0000020AC3B10B40 49] TVOS, [0000020AC5377E00][0000020AC3B14CC0 49] Mac, [0000020AC532BE00][0000020AC3AD0E00 49] MacClient, [0000020AC5374A00][0000020AC3B18F40 49] MacNoEditor, [0000020AC5365A00][0000020AC3B1D080 49] MacServer, [0000020AC5374800][0000020AC33111C0 49] Linux, [0000020AC5365600][0000020AC3319340 49] LinuxAArch64, [0000020AC5377900][0000020AC331D4C0 49] LinuxNoEditor, [0000020AC5366C00][0000020AC3321640 49] LinuxAArch64NoEditor, [0000020AC5375500][0000020AC33257C0 49] LinuxClient, [0000020AC5367400][0000020AC3329940 49] LinuxAArch64Client, [0000020AC5377800][0000020AC332DAC0 49] LinuxServer, [0000020AC5366200][0000020AC33300C0 49] LinuxAArch64Server, [0000020AC5374600][0000020AC3334240 49] Android, [0000020AC5365100][0000020AC33383C0 49] Android_Low, [0000020AC5377B00][0000020AC333C540 49] Android_Mid, [0000020AC5367D00][0000020AC33406C0 49] Android_High, [0000020AC5375400][0000020AC3344840 49] Android_Default, [0000020AC5366300][0000020AC33489C0 49] Android_Adreno4xx, [0000020AC5376600][0000020AC334CB40 49] Android_Adreno5xx_Low, [0000020AC5364F00][0000020AC3350CC0 49] Android_Adreno5xx, [0000020AC5377200][0000020AC3354E40 49] Android_Adreno6xx, [0000020AC5364500][0000020AC3314F80 49] Android_Adreno6xx_Vulkan, [0000020AC5374F00][0000020AC33590C0 49] Android_Mali_T6xx, [0000020AC5364700][0000020AC335D200 49] Android_Mali_T7xx, [0000020AC5374200][0000020AC3361340 49] Android_Mali_T8xx, [0000020AC5364600][0000020AC33694C0 49] Android_Mali_G71, [0000020AC5377000][0000020AC336D640 49] Android_Mali_G72, [0000020AC5364300][0000020AC33717C0 49] Android_Mali_G72_Vulkan, [0000020AC5376400][0000020AC3375940 49] Android_Mali_G76, [0000020AC5365900][0000020AC3379AC0 49] Android_Mali_G76_Vulkan, [0000020AC5374400][0000020AC337C0C0 49] Android_Mali_G77, [0000020AC5365300][0000020AC3380240 49] Android_Mali_G77_Vulkan, [0000020AC5375C00][0000020AC33843C0 49] Android_Mali_G78, [0000020AC5364900][0000020AC3388540 49] Android_Mali_G78_Vulkan, [0000020AC5375900][0000020AC338C6C0 49] Android_Mali_G710, [0000020AC5367E00][0000020AC3390840 49] Android_Mali_G710_Vulkan, [0000020AC5375600][0000020AC33949C0 49] Android_Vulkan_SM5, [0000020AC5364400][0000020AC3398B40 49] Android_PowerVR_G6xxx, [0000020AC5377600][0000020AC339CCC0 49] Android_PowerVR_GT7xxx, [0000020AC5367500][0000020AC33A0E40 49] Android_PowerVR_GE8xxx, [0000020AC5375700][0000020AC33A4FC0 49] Android_PowerVR_GM9xxx, [0000020AC5366100][0000020AC33A9140 49] Android_PowerVR_GM9xxx_Vulkan, [0000020AC5375E00][0000020AC3365280 49] Android_TegraK1, [0000020AC5365E00][0000020AC33AD3C0 49] Android_Unknown_Vulkan, [0000020AC5377500][0000020AC33B1500 49] Lumin, [0000020AC5364C00][0000020AC33B9680 49] Lumin_Desktop, [0000020AC5374C00][0000020AC33BD800 49] HoloLens, 
[2022.09.25-22.20.05:213][  0]LogMeshReduction: Using QuadricMeshReduction for automatic static mesh reduction
[2022.09.25-22.20.05:213][  0]LogMeshReduction: Using SimplygonMeshReduction for automatic skeletal mesh reduction
[2022.09.25-22.20.05:214][  0]LogMeshReduction: Using ProxyLODMeshReduction for automatic mesh merging
[2022.09.25-22.20.05:214][  0]LogMeshReduction: No distributed automatic mesh merging module available
[2022.09.25-22.20.05:237][  0]LogMeshMerging: No distributed automatic mesh merging module available
[2022.09.25-22.20.06:105][  0]LogNetVersion: UnrealLearningKit 1.0.0, NetCL: 17155196, EngineNetVer: 17, GameNetVer: 0 (Checksum: 2634337718)
[2022.09.25-22.20.41:790][  0]LogAssetRegistry: Error: Failed to open file for write ../../../../../CS415/Level-Game/UnrealLearningKit/Intermediate/CachedAssetRegistry.bin.tmp
[2022.09.25-22.20.41:790][  0]LogTexture: Default maximum texture size for cubemaps generated from long-lat sources has been changed from 512 to unlimited. In order to preserve old behaiour for '/Engine/MapTemplates/Sky/DaylightAmbientCubemap.DaylightAmbientCubemap', its maximum texture size has been explicitly set to 512.
[2022.09.25-22.20.42:644][  0]LogHMD: PokeAHoleMaterial loaded successfully
[2022.09.25-22.20.42:693][  0]LogUObjectArray: 17178 objects as part of root set at end of initial load.
[2022.09.25-22.20.42:693][  0]LogUObjectAllocator: 4302048 out of 0 bytes used by permanent object pool.
[2022.09.25-22.20.42:694][  0]LogUObjectArray: CloseDisregardForGC: 0/0 objects in disregard for GC pool
[2022.09.25-22.20.45:989][  0]LogNiagaraDebuggerClient: Niagara Debugger Client Initialized | Session: E7991DA44D82F56B6820A5B83EA6ECEB | Instance: 59E30C404637DA6FB28EB39214735B57 (LAPTOP-B5I02VDR-4608).
[2022.09.25-22.20.51:094][  0]LogPython: Using Python 3.7.7
[2022.09.25-22.20.53:184][  0]LogTcpMessaging: Initializing TcpMessaging bridge
[2022.09.25-22.20.53:187][  0]LogUdpMessaging: Initializing bridge on interface 0.0.0.0:0 to multicast group 230.0.0.1:6666.
[2022.09.25-22.20.58:862][  0]SourceControl: Source control is disabled
[2022.09.25-22.20.58:862][  0]SourceControl: Source control is disabled
[2022.09.25-22.20.58:942][  0]LogOpenImageDenoise: OIDN starting up
[2022.09.25-22.20.59:045][  0]LogAndroidPermission: UAndroidPermissionCallbackProxy::GetInstance
[2022.09.25-22.20.59:244][  0]LogAudioCaptureCore: Display: No Audio Capture implementations found. Audio input will be silent.
[2022.09.25-22.20.59:244][  0]LogAudioCaptureCore: Display: No Audio Capture implementations found. Audio input will be silent.
[2022.09.25-22.21.00:079][  0]SourceControl: Source control is disabled
[2022.09.25-22.21.00:081][  0]SourceControl: Source control is disabled
[2022.09.25-22.21.00:112][  0]SourceControl: Source control is disabled
[2022.09.25-22.21.00:116][  0]LogUProjectInfo: Found projects:
[2022.09.25-22.21.00:382][  0]LogCollectionManager: Loaded 0 collections in 0.003679 seconds
[2022.09.25-22.21.00:520][  0]LogFileCache: Scanning file cache for directory 'G:/My Passport/CS415/Level-Game/UnrealLearningKit/Saved/Collections/' took 0.01s
[2022.09.25-22.21.00:520][  0]LogFileCache: Scanning file cache for directory 'G:/My Passport/CS415/Level-Game/UnrealLearningKit/Content/Developers/Admin/Collections/' took 0.00s
[2022.09.25-22.21.00:520][  0]LogFileCache: Scanning file cache for directory 'G:/My Passport/CS415/Level-Game/UnrealLearningKit/Content/Collections/' took 0.00s
[2022.09.25-22.21.00:579][  0]LogOcInput: OculusInput pre-init called
[2022.09.25-22.21.02:855][  0]LogEngine: Initializing Engine...
[2022.09.25-22.21.02:989][  0]LogHMD: Failed to enumerate extensions. Please check that you have a valid OpenXR runtime installed.
[2022.09.25-22.21.02:992][  0]LogHMD: Failed to initialize OpenVR with code 110
[2022.09.25-22.21.03:003][  0]LogMagicLeap: Warning: VR disabled because ZI is not enabled.  To enable, in the editor, Edit -> Project Settings -> Plugins -> Magic Leap Plugin -> Enable Zero Iteration
[2022.09.25-22.21.03:064][  0]LogStats: UGameplayTagsManager::InitializeManager -  0.013 s
[2022.09.25-22.21.03:951][  0]LogInit: Initializing FReadOnlyCVARCache
[2022.09.25-22.21.04:465][  0]LogAIModule: Creating AISystem for world Untitled
[2022.09.25-22.21.04:567][  0]LogAudio: Display: Initializing Audio Device Manager...
[2022.09.25-22.21.04:605][  0]LogAudio: Display: Loading Default Audio Settings Objects...
[2022.09.25-22.21.04:635][  0]LogAudio: Display: No default SoundConcurrencyObject specified (or failed to load).
[2022.09.25-22.21.04:669][  0]LogAudio: Display: Audio Device Manager Initialized
[2022.09.25-22.21.04:669][  0]LogAudio: Display: Creating Audio Device:                 Id: 1, Scope: Shared, Realtime: True
[2022.09.25-22.21.04:688][  0]LogAudioMixer: Display: Audio Mixer Platform Settings:
[2022.09.25-22.21.04:688][  0]LogAudioMixer: Display: 	Sample Rate:						  48000
[2022.09.25-22.21.04:688][  0]LogAudioMixer: Display: 	Callback Buffer Frame Size Requested: 1024
[2022.09.25-22.21.04:688][  0]LogAudioMixer: Display: 	Callback Buffer Frame Size To Use:	  1024
[2022.09.25-22.21.04:688][  0]LogAudioMixer: Display: 	Number of buffers to queue:			  2
[2022.09.25-22.21.04:688][  0]LogAudioMixer: Display: 	Max Channels (voices):				  32
[2022.09.25-22.21.04:689][  0]LogAudioMixer: Display: 	Number of Async Source Workers:		  0
[2022.09.25-22.21.04:689][  0]LogAudio: Display: AudioDevice MaxSources: 32
[2022.09.25-22.21.04:693][  0]LogAudio: Display: Audio Spatialization Plugin: None (built-in).
[2022.09.25-22.21.04:693][  0]LogAudio: Display: Audio Reverb Plugin: None (built-in).
[2022.09.25-22.21.04:693][  0]LogAudio: Display: Audio Occlusion Plugin: None (built-in).
[2022.09.25-22.21.04:693][  0]LogAudioMixer: Display: Initializing audio mixer.
[2022.09.25-22.21.04:863][  0]LogAudioMixer: Display: 0: FrontLeft
[2022.09.25-22.21.04:863][  0]LogAudioMixer: Display: 1: FrontRight
[2022.09.25-22.21.05:691][  0]LogAudioMixer: Display: Using Audio Device Speaker/Headphone (Realtek High Definition Audio)
[2022.09.25-22.21.05:722][  0]LogAudioMixer: Display: Initializing Sound Submixes...
[2022.09.25-22.21.05:771][  0]LogAudioMixer: Display: Creating Master Submix 'MasterSubmixDefault'
[2022.09.25-22.21.05:780][  0]LogAudioMixer: Display: Creating Master Submix 'MasterReverbSubmixDefault'
[2022.09.25-22.21.05:794][  0]LogAudioMixer: Display: Creating Master Submix 'MasterEQSubmixDefault'
[2022.09.25-22.21.05:802][  0]LogAudioMixer: FMixerPlatformXAudio2::StartAudioStream() called
[2022.09.25-22.21.05:802][  0]LogAudioMixer: Display: Output buffers initialized: Frames=1024, Channels=2, Samples=2048
[2022.09.25-22.21.05:803][  0]LogAudioMixer: Display: Starting AudioMixerPlatformInterface::RunInternal()
[2022.09.25-22.21.05:803][  0]LogAudioMixer: Display: FMixerPlatformXAudio2::SubmitBuffer() called for the first time
[2022.09.25-22.21.05:804][  0]LogInit: FAudioDevice initialized.
[2022.09.25-22.21.05:818][  0]LogAudio: Display: Audio Device (ID: 1) registered with world 'Untitled'.
[2022.09.25-22.21.05:819][  0]LogNetVersion: Set ProjectVersion to 4.1. Version Checksum will be recalculated on next use.
[2022.09.25-22.21.05:830][  0]LogDerivedDataCache: Error: Could not save memory cache C:/Users/Admin/AppData/Local/UnrealEngine/4.27/DerivedDataCache/Boot.ddc.
[2022.09.25-22.21.05:833][  0]LogInit: Texture streaming: Enabled
[2022.09.25-22.21.05:920][  0]LogAnalytics: Display: [UEEditor.Rocket.Release] APIServer = https://datarouter.ol.epicgames.com/. AppVersion = 4.27.2-18319896+++UE4+Release-4.27
[2022.09.25-22.21.05:955][  0]LogEngineSessionManager: EngineSessionManager initialized
[2022.09.25-22.21.06:261][  0]LogInit: Transaction tracking system initialized
[2022.09.25-22.21.06:573][  0]BlueprintLog: New page: Editor Load
[2022.09.25-22.21.07:695][  0]LocalizationService: Localization service is disabled
[2022.09.25-22.21.08:209][  0]TimingProfiler: Initialize
[2022.09.25-22.21.08:212][  0]TimingProfiler: OnSessionChanged
[2022.09.25-22.21.08:213][  0]LoadingProfiler: Initialize
[2022.09.25-22.21.08:214][  0]LoadingProfiler: OnSessionChanged
[2022.09.25-22.21.08:214][  0]NetworkingProfiler: Initialize
[2022.09.25-22.21.08:222][  0]NetworkingProfiler: OnSessionChanged
[2022.09.25-22.21.08:222][  0]MemoryProfiler: Initialize
[2022.09.25-22.21.08:223][  0]MemoryProfiler: OnSessionChanged
[2022.09.25-22.21.08:257][  0]LogClass: Warning: In asset 'None', there is an enum property of type 'EIOSVersion' with an invalid value of 'IOS_11'
[2022.09.25-22.21.08:257][  0]LogObj: Error: LoadConfig (/Script/IOSRuntimeSettings.Default__IOSRuntimeSettings): import failed for MinimumiOSVersion in: IOS_11
[2022.09.25-22.21.10:636][  0]LogFileCache: Scanning file cache for directory 'G:/My Passport/CS415/Level-Game/UnrealLearningKit/Content/' took 0.02s
[2022.09.25-22.21.10:636][  0]LogCook: Display: CookSettings for Memory: MemoryMaxUsedVirtual 0MiB, MemoryMaxUsedPhysical 16384MiB, MemoryMinFreeVirtual 0MiB, MemoryMinFreePhysical 1024MiB
[2022.09.25-22.21.10:636][  0]LogCook: Display: Mobile HDR setting 1
[2022.09.25-22.21.15:381][  0]LogInit: Display: Engine is initialized. Leaving FEngineLoop::Init()
[2022.09.25-22.21.15:520][  0]SourceControl: Source control is disabled
[2022.09.25-22.21.15:910][  0]LogSlate: Took 0.018248 seconds to synchronously load lazily loaded font '../../../Engine/Content/Slate/Fonts/Roboto-Regular.ttf' (155K)
[2022.09.25-22.21.55:507][  0]LogSlate: Window 'Restore Packages' being destroyed
[2022.09.25-22.21.58:418][  0]LogSlate: Window 'Unable to Check Out From Source Control!' being destroyed
[2022.09.25-22.21.58:425][  0]Message dialog closed, result: Ok, title: Unable to Check Out From Source Control!, text: The following assets could not be successfully checked out from source control:
/Game/MP2Level/Maps/MP2
[2022.09.25-22.21.58:547][  0]LogUnrealEdMisc: Loading editor; pre map load, took 164.889
[2022.09.25-22.21.58:563][  0]Cmd: MAP LOAD FILE="../../../../../CS415/Level-Game/UnrealLearningKit/Content/LearningKit_Games/Maps/LearningKit_Games_Showcase.umap" TEMPLATE=0 SHOWPROGRESS=1 FEATURELEVEL=3
[2022.09.25-22.21.58:595][  0]LightingResults: New page: Lighting Build
[2022.09.25-22.21.58:706][  0]LogWorld: UWorld::CleanupWorld for Untitled, bSessionEnded=true, bCleanupResources=true
[2022.09.25-22.21.58:771][  0]LogSlate: InvalidateAllWidgets triggered.  All widgets were invalidated
[2022.09.25-22.21.58:830][  0]MapCheck: New page: Map Check
[2022.09.25-22.21.58:830][  0]LightingResults: New page: Lighting Build
[2022.09.25-22.21.59:056][  0]LogAudio: Display: Audio Device unregistered from world 'None'.
[2022.09.25-22.21.59:149][  0]LogUObjectHash: Compacting FUObjectHashTables data took   1.32ms
[2022.09.25-22.22.09:518][  0]LogAudio: Display: Audio Device (ID: 1) registered with world 'LearningKit_Games_Showcase'.
[2022.09.25-22.22.09:521][  0]LogAIModule: Creating AISystem for world LearningKit_Games_Showcase
[2022.09.25-22.22.14:231][  0]LogEditorServer: Finished looking for orphan Actors (0.000 secs)
[2022.09.25-22.22.14:332][  0]LogUObjectHash: Compacting FUObjectHashTables data took   1.70ms
[2022.09.25-22.22.14:344][  0]Cmd: MAP CHECKDEP NOCLEARLOG
[2022.09.25-22.22.14:347][  0]MapCheck: Map check complete: 0 Error(s), 0 Warning(s), took 3.04ms to complete.
[2022.09.25-22.22.14:347][  0]LogFileHelpers: Loading map 'LearningKit_Games_Showcase' took 15.784
[2022.09.25-22.22.15:164][  0]LogUnrealEdMisc: Total Editor Startup Time, took 181.506
[2022.09.25-22.22.15:857][  0]LogSlate: Updating window title bar state: overlay mode, drag disabled, window buttons hidden, title bar hidden
[2022.09.25-22.22.15:867][  0]LogSlate: Updating window title bar state: overlay mode, drag disabled, window buttons hidden, title bar hidden
[2022.09.25-22.22.15:876][  0]LogSlate: Updating window title bar state: overlay mode, drag disabled, window buttons hidden, title bar hidden
[2022.09.25-22.22.15:884][  0]LogSlate: Updating window title bar state: overlay mode, drag disabled, window buttons hidden, title bar hidden
[2022.09.25-22.22.16:169][  0]LogNativeClassHierarchy: Verbose: Native class hierarchy populated in 0.0147 seconds. Added 3822 classes and 928 folders.
[2022.09.25-22.22.16:246][  0]LogNativeClassHierarchy: Verbose: Native class hierarchy updated for 'WidgetCarousel' in 0.0004 seconds. Added 0 classes and 0 folders.
[2022.09.25-22.22.16:394][  0]LogPakFile: PakFile PrimaryIndexSize=187
[2022.09.25-22.22.16:394][  0]LogPakFile: PakFile PathHashIndexSize=101
[2022.09.25-22.22.16:394][  0]LogPakFile: PakFile FullDirectoryIndexSize=148
[2022.09.25-22.22.16:394][  0]LogShaderLibrary: Display: ShaderCodeLibraryPakFileMountedCallback: PakFile 'G:/My Passport/CS 415/UE_4.27/FeaturePacks/FP_FirstPerson.upack' (chunk index -1, root 'root:/') mounted
[2022.09.25-22.22.16:394][  0]LogShaderLibrary: Display: ShaderCodeLibraryPakFileMountedCallback: pending pak file info (ChunkID:-1 Root:root:/ File:G:/My Passport/CS 415/UE_4.27/FeaturePacks/FP_FirstPerson.upack)
[2022.09.25-22.22.16:395][  0]LogPakFile: OnPakFileMounted2Time == 0.000170
[2022.09.25-22.22.16:437][  0]LogPakFile: PakFile PrimaryIndexSize=189
[2022.09.25-22.22.16:437][  0]LogPakFile: PakFile PathHashIndexSize=101
[2022.09.25-22.22.16:437][  0]LogPakFile: PakFile FullDirectoryIndexSize=152
[2022.09.25-22.22.16:437][  0]LogShaderLibrary: Display: ShaderCodeLibraryPakFileMountedCallback: PakFile 'G:/My Passport/CS 415/UE_4.27/FeaturePacks/FP_FirstPersonBP.upack' (chunk index -1, root 'root:/') mounted
[2022.09.25-22.22.16:437][  0]LogShaderLibrary: Display: ShaderCodeLibraryPakFileMountedCallback: pending pak file info (ChunkID:-1 Root:root:/ File:G:/My Passport/CS 415/UE_4.27/FeaturePacks/FP_FirstPersonBP.upack)
[2022.09.25-22.22.16:438][  0]LogPakFile: OnPakFileMounted2Time == 0.000340
[2022.09.25-22.22.16:476][  0]LogPakFile: PakFile PrimaryIndexSize=191
[2022.09.25-22.22.16:476][  0]LogPakFile: PakFile PathHashIndexSize=101
[2022.09.25-22.22.16:476][  0]LogPakFile: PakFile FullDirectoryIndexSize=160
[2022.09.25-22.22.16:476][  0]LogShaderLibrary: Display: ShaderCodeLibraryPakFileMountedCallback: PakFile 'G:/My Passport/CS 415/UE_4.27/FeaturePacks/MobileStarterContent.upack' (chunk index -1, root 'root:/') mounted
[2022.09.25-22.22.16:476][  0]LogShaderLibrary: Display: ShaderCodeLibraryPakFileMountedCallback: pending pak file info (ChunkID:-1 Root:root:/ File:G:/My Passport/CS 415/UE_4.27/FeaturePacks/MobileStarterContent.upack)
[2022.09.25-22.22.16:476][  0]LogPakFile: OnPakFileMounted2Time == 0.000141
[2022.09.25-22.22.16:498][  0]LogPakFile: PakFile PrimaryIndexSize=185
[2022.09.25-22.22.16:498][  0]LogPakFile: PakFile PathHashIndexSize=101
[2022.09.25-22.22.16:498][  0]LogPakFile: PakFile FullDirectoryIndexSize=148
[2022.09.25-22.22.16:498][  0]LogShaderLibrary: Display: ShaderCodeLibraryPakFileMountedCallback: PakFile 'G:/My Passport/CS 415/UE_4.27/FeaturePacks/StarterContent.upack' (chunk index -1, root 'root:/') mounted
[2022.09.25-22.22.16:498][  0]LogShaderLibrary: Display: ShaderCodeLibraryPakFileMountedCallback: pending pak file info (ChunkID:-1 Root:root:/ File:G:/My Passport/CS 415/UE_4.27/FeaturePacks/StarterContent.upack)
[2022.09.25-22.22.16:498][  0]LogPakFile: OnPakFileMounted2Time == 0.000198
[2022.09.25-22.22.16:510][  0]LogPakFile: PakFile PrimaryIndexSize=190
[2022.09.25-22.22.16:510][  0]LogPakFile: PakFile PathHashIndexSize=101
[2022.09.25-22.22.16:510][  0]LogPakFile: PakFile FullDirectoryIndexSize=154
[2022.09.25-22.22.16:510][  0]LogShaderLibrary: Display: ShaderCodeLibraryPakFileMountedCallback: PakFile 'G:/My Passport/CS 415/UE_4.27/FeaturePacks/TP_2DSideScroller.upack' (chunk index -1, root 'root:/') mounted
[2022.09.25-22.22.16:510][  0]LogShaderLibrary: Display: ShaderCodeLibraryPakFileMountedCallback: pending pak file info (ChunkID:-1 Root:root:/ File:G:/My Passport/CS 415/UE_4.27/FeaturePacks/TP_2DSideScroller.upack)
[2022.09.25-22.22.16:510][  0]LogPakFile: OnPakFileMounted2Time == 0.000271
[2022.09.25-22.22.16:525][  0]LogPakFile: PakFile PrimaryIndexSize=192
[2022.09.25-22.22.16:525][  0]LogPakFile: PakFile PathHashIndexSize=101
[2022.09.25-22.22.16:525][  0]LogPakFile: PakFile FullDirectoryIndexSize=158
[2022.09.25-22.22.16:526][  0]LogShaderLibrary: Display: ShaderCodeLibraryPakFileMountedCallback: PakFile 'G:/My Passport/CS 415/UE_4.27/FeaturePacks/TP_2DSideScrollerBP.upack' (chunk index -1, root 'root:/') mounted
[2022.09.25-22.22.16:526][  0]LogShaderLibrary: Display: ShaderCodeLibraryPakFileMountedCallback: pending pak file info (ChunkID:-1 Root:root:/ File:G:/My Passport/CS 415/UE_4.27/FeaturePacks/TP_2DSideScrollerBP.upack)
[2022.09.25-22.22.16:526][  0]LogPakFile: OnPakFileMounted2Time == 0.000265
[2022.09.25-22.22.16:537][  0]LogPakFile: PakFile PrimaryIndexSize=182
[2022.09.25-22.22.16:537][  0]LogPakFile: PakFile PathHashIndexSize=101
[2022.09.25-22.22.16:537][  0]LogPakFile: PakFile FullDirectoryIndexSize=138
[2022.09.25-22.22.16:537][  0]LogShaderLibrary: Display: ShaderCodeLibraryPakFileMountedCallback: PakFile 'G:/My Passport/CS 415/UE_4.27/FeaturePacks/TP_Flying.upack' (chunk index -1, root 'root:/') mounted
[2022.09.25-22.22.16:537][  0]LogShaderLibrary: Display: ShaderCodeLibraryPakFileMountedCallback: pending pak file info (ChunkID:-1 Root:root:/ File:G:/My Passport/CS 415/UE_4.27/FeaturePacks/TP_Flying.upack)
[2022.09.25-22.22.16:537][  0]LogPakFile: OnPakFileMounted2Time == 0.000115
[2022.09.25-22.22.16:542][  0]LogPakFile: PakFile PrimaryIndexSize=184
[2022.09.25-22.22.16:542][  0]LogPakFile: PakFile PathHashIndexSize=101
[2022.09.25-22.22.16:542][  0]LogPakFile: PakFile FullDirectoryIndexSize=142
[2022.09.25-22.22.16:542][  0]LogShaderLibrary: Display: ShaderCodeLibraryPakFileMountedCallback: PakFile 'G:/My Passport/CS 415/UE_4.27/FeaturePacks/TP_FlyingBP.upack' (chunk index -1, root 'root:/') mounted
[2022.09.25-22.22.16:542][  0]LogShaderLibrary: Display: ShaderCodeLibraryPakFileMountedCallback: pending pak file info (ChunkID:-1 Root:root:/ File:G:/My Passport/CS 415/UE_4.27/FeaturePacks/TP_FlyingBP.upack)
[2022.09.25-22.22.16:542][  0]LogPakFile: OnPakFileMounted2Time == 0.000293
[2022.09.25-22.22.16:557][  0]LogPakFile: PakFile PrimaryIndexSize=188
[2022.09.25-22.22.16:557][  0]LogPakFile: PakFile PathHashIndexSize=101
[2022.09.25-22.22.16:557][  0]LogPakFile: PakFile FullDirectoryIndexSize=150
[2022.09.25-22.22.16:557][  0]LogShaderLibrary: Display: ShaderCodeLibraryPakFileMountedCallback: PakFile 'G:/My Passport/CS 415/UE_4.27/FeaturePacks/TP_HandheldARBP.upack' (chunk index -1, root 'root:/') mounted
[2022.09.25-22.22.16:557][  0]LogShaderLibrary: Display: ShaderCodeLibraryPakFileMountedCallback: pending pak file info (ChunkID:-1 Root:root:/ File:G:/My Passport/CS 415/UE_4.27/FeaturePacks/TP_HandheldARBP.upack)
[2022.09.25-22.22.16:557][  0]LogPakFile: OnPakFileMounted2Time == 0.000110
[2022.09.25-22.22.16:582][  0]LogPakFile: PakFile PrimaryIndexSize=182
[2022.09.25-22.22.16:582][  0]LogPakFile: PakFile PathHashIndexSize=101
[2022.09.25-22.22.16:582][  0]LogPakFile: PakFile FullDirectoryIndexSize=138
[2022.09.25-22.22.16:582][  0]LogShaderLibrary: Display: ShaderCodeLibraryPakFileMountedCallback: PakFile 'G:/My Passport/CS 415/UE_4.27/FeaturePacks/TP_Puzzle.upack' (chunk index -1, root 'root:/') mounted
[2022.09.25-22.22.16:582][  0]LogShaderLibrary: Display: ShaderCodeLibraryPakFileMountedCallback: pending pak file info (ChunkID:-1 Root:root:/ File:G:/My Passport/CS 415/UE_4.27/FeaturePacks/TP_Puzzle.upack)
[2022.09.25-22.22.16:582][  0]LogPakFile: OnPakFileMounted2Time == 0.000136
[2022.09.25-22.22.16:592][  0]LogPakFile: PakFile PrimaryIndexSize=184
[2022.09.25-22.22.16:593][  0]LogPakFile: PakFile PathHashIndexSize=101
[2022.09.25-22.22.16:593][  0]LogPakFile: PakFile FullDirectoryIndexSize=142
[2022.09.25-22.22.16:593][  0]LogShaderLibrary: Display: ShaderCodeLibraryPakFileMountedCallback: PakFile 'G:/My Passport/CS 415/UE_4.27/FeaturePacks/TP_PuzzleBP.upack' (chunk index -1, root 'root:/') mounted
[2022.09.25-22.22.16:593][  0]LogShaderLibrary: Display: ShaderCodeLibraryPakFileMountedCallback: pending pak file info (ChunkID:-1 Root:root:/ File:G:/My Passport/CS 415/UE_4.27/FeaturePacks/TP_PuzzleBP.upack)
[2022.09.25-22.22.16:593][  0]LogPakFile: OnPakFileMounted2Time == 0.000206
[2022.09.25-22.22.16:605][  0]LogPakFile: PakFile PrimaryIndexSize=183
[2022.09.25-22.22.16:605][  0]LogPakFile: PakFile PathHashIndexSize=101
[2022.09.25-22.22.16:605][  0]LogPakFile: PakFile FullDirectoryIndexSize=140
[2022.09.25-22.22.16:605][  0]LogShaderLibrary: Display: ShaderCodeLibraryPakFileMountedCallback: PakFile 'G:/My Passport/CS 415/UE_4.27/FeaturePacks/TP_Rolling.upack' (chunk index -1, root 'root:/') mounted
[2022.09.25-22.22.16:605][  0]LogShaderLibrary: Display: ShaderCodeLibraryPakFileMountedCallback: pending pak file info (ChunkID:-1 Root:root:/ File:G:/My Passport/CS 415/UE_4.27/FeaturePacks/TP_Rolling.upack)
[2022.09.25-22.22.16:605][  0]LogPakFile: OnPakFileMounted2Time == 0.000069
[2022.09.25-22.22.16:609][  0]LogPakFile: PakFile PrimaryIndexSize=185
[2022.09.25-22.22.16:609][  0]LogPakFile: PakFile PathHashIndexSize=101
[2022.09.25-22.22.16:609][  0]LogPakFile: PakFile FullDirectoryIndexSize=144
[2022.09.25-22.22.16:609][  0]LogShaderLibrary: Display: ShaderCodeLibraryPakFileMountedCallback: PakFile 'G:/My Passport/CS 415/UE_4.27/FeaturePacks/TP_RollingBP.upack' (chunk index -1, root 'root:/') mounted
[2022.09.25-22.22.16:609][  0]LogShaderLibrary: Display: ShaderCodeLibraryPakFileMountedCallback: pending pak file info (ChunkID:-1 Root:root:/ File:G:/My Passport/CS 415/UE_4.27/FeaturePacks/TP_RollingBP.upack)
[2022.09.25-22.22.16:609][  0]LogPakFile: OnPakFileMounted2Time == 0.000069
[2022.09.25-22.22.16:626][  0]LogPakFile: PakFile PrimaryIndexSize=188
[2022.09.25-22.22.16:626][  0]LogPakFile: PakFile PathHashIndexSize=101
[2022.09.25-22.22.16:626][  0]LogPakFile: PakFile FullDirectoryIndexSize=150
[2022.09.25-22.22.16:626][  0]LogShaderLibrary: Display: ShaderCodeLibraryPakFileMountedCallback: PakFile 'G:/My Passport/CS 415/UE_4.27/FeaturePacks/TP_SideScroller.upack' (chunk index -1, root 'root:/') mounted
[2022.09.25-22.22.16:626][  0]LogShaderLibrary: Display: ShaderCodeLibraryPakFileMountedCallback: pending pak file info (ChunkID:-1 Root:root:/ File:G:/My Passport/CS 415/UE_4.27/FeaturePacks/TP_SideScroller.upack)
[2022.09.25-22.22.16:626][  0]LogPakFile: OnPakFileMounted2Time == 0.000133
[2022.09.25-22.22.16:630][  0]LogPakFile: PakFile PrimaryIndexSize=190
[2022.09.25-22.22.16:630][  0]LogPakFile: PakFile PathHashIndexSize=101
[2022.09.25-22.22.16:630][  0]LogPakFile: PakFile FullDirectoryIndexSize=154
[2022.09.25-22.22.16:630][  0]LogShaderLibrary: Display: ShaderCodeLibraryPakFileMountedCallback: PakFile 'G:/My Passport/CS 415/UE_4.27/FeaturePacks/TP_SideScrollerBP.upack' (chunk index -1, root 'root:/') mounted
[2022.09.25-22.22.16:630][  0]LogShaderLibrary: Display: ShaderCodeLibraryPakFileMountedCallback: pending pak file info (ChunkID:-1 Root:root:/ File:G:/My Passport/CS 415/UE_4.27/FeaturePacks/TP_SideScrollerBP.upack)
[2022.09.25-22.22.16:630][  0]LogPakFile: OnPakFileMounted2Time == 0.000079
[2022.09.25-22.22.16:632][  0]LogPakFile: PakFile PrimaryIndexSize=187
[2022.09.25-22.22.16:632][  0]LogPakFile: PakFile PathHashIndexSize=101
[2022.09.25-22.22.16:632][  0]LogPakFile: PakFile FullDirectoryIndexSize=148
[2022.09.25-22.22.16:632][  0]LogShaderLibrary: Display: ShaderCodeLibraryPakFileMountedCallback: PakFile 'G:/My Passport/CS 415/UE_4.27/FeaturePacks/TP_ThirdPerson.upack' (chunk index -1, root 'root:/') mounted
[2022.09.25-22.22.16:632][  0]LogShaderLibrary: Display: ShaderCodeLibraryPakFileMountedCallback: pending pak file info (ChunkID:-1 Root:root:/ File:G:/My Passport/CS 415/UE_4.27/FeaturePacks/TP_ThirdPerson.upack)
[2022.09.25-22.22.16:632][  0]LogPakFile: OnPakFileMounted2Time == 0.000098
[2022.09.25-22.22.16:644][  0]LogPakFile: PakFile PrimaryIndexSize=189
[2022.09.25-22.22.16:644][  0]LogPakFile: PakFile PathHashIndexSize=101
[2022.09.25-22.22.16:644][  0]LogPakFile: PakFile FullDirectoryIndexSize=152
[2022.09.25-22.22.16:644][  0]LogShaderLibrary: Display: ShaderCodeLibraryPakFileMountedCallback: PakFile 'G:/My Passport/CS 415/UE_4.27/FeaturePacks/TP_ThirdPersonBP.upack' (chunk index -1, root 'root:/') mounted
[2022.09.25-22.22.16:644][  0]LogShaderLibrary: Display: ShaderCodeLibraryPakFileMountedCallback: pending pak file info (ChunkID:-1 Root:root:/ File:G:/My Passport/CS 415/UE_4.27/FeaturePacks/TP_ThirdPersonBP.upack)
[2022.09.25-22.22.16:644][  0]LogPakFile: OnPakFileMounted2Time == 0.000058
[2022.09.25-22.22.16:648][  0]LogPakFile: PakFile PrimaryIndexSize=183
[2022.09.25-22.22.16:648][  0]LogPakFile: PakFile PathHashIndexSize=101
[2022.09.25-22.22.16:648][  0]LogPakFile: PakFile FullDirectoryIndexSize=140
[2022.09.25-22.22.16:648][  0]LogShaderLibrary: Display: ShaderCodeLibraryPakFileMountedCallback: PakFile 'G:/My Passport/CS 415/UE_4.27/FeaturePacks/TP_TopDown.upack' (chunk index -1, root 'root:/') mounted
[2022.09.25-22.22.16:648][  0]LogShaderLibrary: Display: ShaderCodeLibraryPakFileMountedCallback: pending pak file info (ChunkID:-1 Root:root:/ File:G:/My Passport/CS 415/UE_4.27/FeaturePacks/TP_TopDown.upack)
[2022.09.25-22.22.16:648][  0]LogPakFile: OnPakFileMounted2Time == 0.000047
[2022.09.25-22.22.16:650][  0]LogPakFile: PakFile PrimaryIndexSize=185
[2022.09.25-22.22.16:650][  0]LogPakFile: PakFile PathHashIndexSize=101
[2022.09.25-22.22.16:650][  0]LogPakFile: PakFile FullDirectoryIndexSize=144
[2022.09.25-22.22.16:650][  0]LogShaderLibrary: Display: ShaderCodeLibraryPakFileMountedCallback: PakFile 'G:/My Passport/CS 415/UE_4.27/FeaturePacks/TP_TopDownBP.upack' (chunk index -1, root 'root:/') mounted
[2022.09.25-22.22.16:650][  0]LogShaderLibrary: Display: ShaderCodeLibraryPakFileMountedCallback: pending pak file info (ChunkID:-1 Root:root:/ File:G:/My Passport/CS 415/UE_4.27/FeaturePacks/TP_TopDownBP.upack)
[2022.09.25-22.22.16:650][  0]LogPakFile: OnPakFileMounted2Time == 0.000046
[2022.09.25-22.22.16:652][  0]LogPakFile: PakFile PrimaryIndexSize=185
[2022.09.25-22.22.16:652][  0]LogPakFile: PakFile PathHashIndexSize=101
[2022.09.25-22.22.16:652][  0]LogPakFile: PakFile FullDirectoryIndexSize=144
[2022.09.25-22.22.16:652][  0]LogShaderLibrary: Display: ShaderCodeLibraryPakFileMountedCallback: PakFile 'G:/My Passport/CS 415/UE_4.27/FeaturePacks/TP_TwinStick.upack' (chunk index -1, root 'root:/') mounted
[2022.09.25-22.22.16:652][  0]LogShaderLibrary: Display: ShaderCodeLibraryPakFileMountedCallback: pending pak file info (ChunkID:-1 Root:root:/ File:G:/My Passport/CS 415/UE_4.27/FeaturePacks/TP_TwinStick.upack)
[2022.09.25-22.22.16:653][  0]LogPakFile: OnPakFileMounted2Time == 0.000201
[2022.09.25-22.22.16:674][  0]LogPakFile: PakFile PrimaryIndexSize=187
[2022.09.25-22.22.16:674][  0]LogPakFile: PakFile PathHashIndexSize=101
[2022.09.25-22.22.16:674][  0]LogPakFile: PakFile FullDirectoryIndexSize=148
[2022.09.25-22.22.16:674][  0]LogShaderLibrary: Display: ShaderCodeLibraryPakFileMountedCallback: PakFile 'G:/My Passport/CS 415/UE_4.27/FeaturePacks/TP_TwinStickBP.upack' (chunk index -1, root 'root:/') mounted
[2022.09.25-22.22.16:674][  0]LogShaderLibrary: Display: ShaderCodeLibraryPakFileMountedCallback: pending pak file info (ChunkID:-1 Root:root:/ File:G:/My Passport/CS 415/UE_4.27/FeaturePacks/TP_TwinStickBP.upack)
[2022.09.25-22.22.16:675][  0]LogPakFile: OnPakFileMounted2Time == 0.000119
[2022.09.25-22.22.16:679][  0]LogPakFile: PakFile PrimaryIndexSize=183
[2022.09.25-22.22.16:679][  0]LogPakFile: PakFile PathHashIndexSize=101
[2022.09.25-22.22.16:679][  0]LogPakFile: PakFile FullDirectoryIndexSize=140
[2022.09.25-22.22.16:679][  0]LogShaderLibrary: Display: ShaderCodeLibraryPakFileMountedCallback: PakFile 'G:/My Passport/CS 415/UE_4.27/FeaturePacks/TP_Vehicle.upack' (chunk index -1, root 'root:/') mounted
[2022.09.25-22.22.16:679][  0]LogShaderLibrary: Display: ShaderCodeLibraryPakFileMountedCallback: pending pak file info (ChunkID:-1 Root:root:/ File:G:/My Passport/CS 415/UE_4.27/FeaturePacks/TP_Vehicle.upack)
[2022.09.25-22.22.16:679][  0]LogPakFile: OnPakFileMounted2Time == 0.000049
[2022.09.25-22.22.16:690][  0]LogPakFile: PakFile PrimaryIndexSize=186
[2022.09.25-22.22.16:690][  0]LogPakFile: PakFile PathHashIndexSize=101
[2022.09.25-22.22.16:690][  0]LogPakFile: PakFile FullDirectoryIndexSize=146
[2022.09.25-22.22.16:690][  0]LogShaderLibrary: Display: ShaderCodeLibraryPakFileMountedCallback: PakFile 'G:/My Passport/CS 415/UE_4.27/FeaturePacks/TP_VehicleAdv.upack' (chunk index -1, root 'root:/') mounted
[2022.09.25-22.22.16:690][  0]LogShaderLibrary: Display: ShaderCodeLibraryPakFileMountedCallback: pending pak file info (ChunkID:-1 Root:root:/ File:G:/My Passport/CS 415/UE_4.27/FeaturePacks/TP_VehicleAdv.upack)
[2022.09.25-22.22.16:690][  0]LogPakFile: OnPakFileMounted2Time == 0.000050
[2022.09.25-22.22.16:703][  0]LogPakFile: PakFile PrimaryIndexSize=188
[2022.09.25-22.22.16:703][  0]LogPakFile: PakFile PathHashIndexSize=101
[2022.09.25-22.22.16:703][  0]LogPakFile: PakFile FullDirectoryIndexSize=150
[2022.09.25-22.22.16:703][  0]LogShaderLibrary: Display: ShaderCodeLibraryPakFileMountedCallback: PakFile 'G:/My Passport/CS 415/UE_4.27/FeaturePacks/TP_VehicleAdvBP.upack' (chunk index -1, root 'root:/') mounted
[2022.09.25-22.22.16:703][  0]LogShaderLibrary: Display: ShaderCodeLibraryPakFileMountedCallback: pending pak file info (ChunkID:-1 Root:root:/ File:G:/My Passport/CS 415/UE_4.27/FeaturePacks/TP_VehicleAdvBP.upack)
[2022.09.25-22.22.16:703][  0]LogPakFile: OnPakFileMounted2Time == 0.000061
[2022.09.25-22.22.16:706][  0]LogPakFile: PakFile PrimaryIndexSize=185
[2022.09.25-22.22.16:706][  0]LogPakFile: PakFile PathHashIndexSize=101
[2022.09.25-22.22.16:707][  0]LogPakFile: PakFile FullDirectoryIndexSize=144
[2022.09.25-22.22.16:707][  0]LogShaderLibrary: Display: ShaderCodeLibraryPakFileMountedCallback: PakFile 'G:/My Passport/CS 415/UE_4.27/FeaturePacks/TP_VehicleBP.upack' (chunk index -1, root 'root:/') mounted
[2022.09.25-22.22.16:707][  0]LogShaderLibrary: Display: ShaderCodeLibraryPakFileMountedCallback: pending pak file info (ChunkID:-1 Root:root:/ File:G:/My Passport/CS 415/UE_4.27/FeaturePacks/TP_VehicleBP.upack)
[2022.09.25-22.22.16:707][  0]LogPakFile: OnPakFileMounted2Time == 0.000278
[2022.09.25-22.22.16:711][  0]LogPakFile: PakFile PrimaryIndexSize=192
[2022.09.25-22.22.16:711][  0]LogPakFile: PakFile PathHashIndexSize=101
[2022.09.25-22.22.16:711][  0]LogPakFile: PakFile FullDirectoryIndexSize=158
[2022.09.25-22.22.16:711][  0]LogShaderLibrary: Display: ShaderCodeLibraryPakFileMountedCallback: PakFile 'G:/My Passport/CS 415/UE_4.27/FeaturePacks/TP_VirtualRealityBP.upack' (chunk index -1, root 'root:/') mounted
[2022.09.25-22.22.16:711][  0]LogShaderLibrary: Display: ShaderCodeLibraryPakFileMountedCallback: pending pak file info (ChunkID:-1 Root:root:/ File:G:/My Passport/CS 415/UE_4.27/FeaturePacks/TP_VirtualRealityBP.upack)
[2022.09.25-22.22.16:711][  0]LogPakFile: OnPakFileMounted2Time == 0.000057
[2022.09.25-22.22.17:804][  0]LogNativeClassHierarchy: Verbose: Native class hierarchy updated for 'AddContentDialog' in 0.0009 seconds. Added 0 classes and 0 folders.
[2022.09.25-22.22.17:873][  0]LogNativeClassHierarchy: Verbose: Native class hierarchy updated for 'SceneOutliner' in 0.0010 seconds. Added 2 classes and 0 folders.
[2022.09.25-22.22.19:002][  0]LogSlate: Took 0.042906 seconds to synchronously load lazily loaded font '../../../Engine/Content/Editor/Slate/Fonts/FontAwesome.ttf' (139K)
[2022.09.25-22.22.19:031][  0]LogSlate: Took 0.018502 seconds to synchronously load lazily loaded font '../../../Engine/Content/Slate/Fonts/Roboto-Bold.ttf' (160K)
[2022.09.25-22.22.19:788][  0]LogRenderer: Reallocating scene render targets to support 964x432 Format 10 NumSamples 1 (Frame:1).
[2022.09.25-22.22.19:942][  0]LogStaticMesh: Allocated 512x217x128 distance field atlas = 27.1Mb, with 84 objects containing 17.2Mb backing data
[2022.09.25-22.22.21:870][  0]LogNativeClassHierarchy: Verbose: Native class hierarchy updated for 'HierarchicalLODOutliner' in 0.0005 seconds. Added 0 classes and 0 folders.
[2022.09.25-22.22.21:870][  0]LogInput: Warning: Action Jump uses invalid key OculusGo_Left_Trigger_Click.
[2022.09.25-22.22.21:870][  0]LogInput: Warning: Action ResetVR uses invalid key OculusGo_Left_Trackpad_Click.
[2022.09.25-22.22.21:870][  0]LogInput: Warning: Use -RemoveInvalidKeys to remove instances of these keys from the action mapping.
[2022.09.25-22.22.21:870][  0]LogLoad: (Engine Initialization) Total time: 188.21 seconds
[2022.09.25-22.22.21:870][  0]LogLoad: (Engine Initialization) Total Blueprint compile time: 0.00 seconds
[2022.09.25-22.22.21:894][  0]LogEditorSessionSummary: Verbose: Initializing EditorSessionSummaryWriter for editor session tracking
[2022.09.25-22.22.21:918][  0]LogEditorSessionSummary: EditorSessionSummaryWriter initialized
[2022.09.25-22.22.21:990][  0]LogContentStreaming: Texture pool size now 1000 MB
[2022.09.25-22.22.22:131][  2]LogAssetRegistry: Asset discovery search completed in 144.7042 seconds
[2022.09.25-22.22.22:389][  2]LogCollectionManager: Fixed up redirectors for 0 collections in 0.000009 seconds (updated 0 objects)
[2022.09.25-22.22.22:545][  2]LogSlate: Took 0.000249 seconds to synchronously load lazily loaded font '../../../Engine/Content/Slate/Fonts/Roboto-Light.ttf' (167K)
[2022.09.25-22.22.24:026][  8]LogD3D11RHI: Timed out while waiting for GPU to catch up. (0.5 s) (ErrorCode 00000001) (00000000)
[2022.09.25-22.22.32:836][211]LogUObjectHash: Compacting FUObjectHashTables data took   1.54ms
[2022.09.25-22.22.32:883][211]LogSlate: Took 0.000187 seconds to synchronously load lazily loaded font '../../../Engine/Content/Slate/Fonts/Roboto-Light.ttf' (167K)
[2022.09.25-22.22.33:392][211]LogAssetEditorSubsystem: Opening Asset editor for World /Game/MP2Level/Maps/MP2.MP2
[2022.09.25-22.22.33:410][211]Cmd: MAP LOAD FILE="../../../../../CS415/Level-Game/UnrealLearningKit/Content/MP2Level/Maps/MP2.umap" TEMPLATE=0 SHOWPROGRESS=1 FEATURELEVEL=3
[2022.09.25-22.22.33:410][211]LightingResults: New page: Lighting Build
[2022.09.25-22.22.33:410][211]LoadErrors: New page: Loading map: MP2.umap
[2022.09.25-22.22.33:415][211]LogWorld: UWorld::CleanupWorld for LearningKit_Games_Showcase, bSessionEnded=true, bCleanupResources=true
[2022.09.25-22.22.33:416][211]LogSlate: InvalidateAllWidgets triggered.  All widgets were invalidated
[2022.09.25-22.22.33:416][211]MapCheck: New page: Map Check
[2022.09.25-22.22.33:416][211]LightingResults: New page: Lighting Build
[2022.09.25-22.22.33:424][211]LogAudio: Display: Audio Device unregistered from world 'None'.
[2022.09.25-22.22.33:431][211]LogUObjectHash: Compacting FUObjectHashTables data took   1.06ms
[2022.09.25-22.22.33:431][211]LogAudio: Display: Audio Device (ID: 1) registered with world 'MP2'.
[2022.09.25-22.22.33:494][211]LogEditorServer: Finished looking for orphan Actors (0.000 secs)
[2022.09.25-22.22.33:494][211]LogAIModule: Creating AISystem for world MP2
[2022.09.25-22.22.33:504][211]LogUObjectHash: Compacting FUObjectHashTables data took   1.13ms
[2022.09.25-22.22.33:602][211]Cmd: MAP CHECKDEP NOCLEARLOG
[2022.09.25-22.22.33:608][211]MapCheck: Map check complete: 0 Error(s), 0 Warning(s), took 5.398ms to complete.
[2022.09.25-22.22.33:608][211]LogFileHelpers: Loading map 'MP2' took 0.198
[2022.09.25-22.33.14:235][974]LogEditorViewport: Clicking on Actor (LMB): StaticMeshActor (SM_FloatingIsland_L)
[2022.09.25-22.33.18:995][250]LogEditorViewport: Clicking on Actor (LMB): StaticMeshActor (SM_Kit_Floor2)
[2022.09.25-22.33.21:833][397]LogEditorViewport: Clicking on Actor (LMB): StaticMeshActor (SM_Kit_Floor3)
[2022.09.25-22.33.24:205][560]LogEditorViewport: Clicking on Actor (LMB): StaticMeshActor (SM_Kit_Floor2)
[2022.09.25-22.33.33:270][955]LogEditorViewport: Clicking on Actor (LMB): StaticMeshActor (SM_FloatingIsland_S)
[2022.09.25-22.33.40:990][314]LogEditorViewport: Clicking Background
[2022.09.25-22.33.44:111][537]LogEditorViewport: Clicking on Actor (LMB): StaticMeshActor (SM_FloatingIsland_S)
[2022.09.25-22.33.49:593][754]Cmd: OBJ SAVEPACKAGE PACKAGE="/Game/MP2Level/Maps/MP2" FILE="../../../../../CS415/Level-Game/UnrealLearningKit/Content/MP2Level/Maps/MP2.umap" SILENT=true AUTOSAVING=false KEEPDIRTY=false
[2022.09.25-22.33.49:642][754]LogUObjectHash: Compacting FUObjectHashTables data took   1.30ms
[2022.09.25-22.33.49:950][754]LogSavePackage: Moving '../../../../../CS415/Level-Game/UnrealLearningKit/Saved/MP288D7A26F49457B30E342699C8D4D76C1.tmp' to '../../../../../CS415/Level-Game/UnrealLearningKit/Content/MP2Level/Maps/MP2.umap'
[2022.09.25-22.33.50:148][754]AssetCheck: New page: Asset Save: MP2
[2022.09.25-22.33.50:148][754]LogContentValidation: Display: Validating World /Game/MP2Level/Maps/MP2.MP2
[2022.09.25-22.34.10:577][940]LogStaticMesh: Building static mesh SM_FloatingIsland_S...
[2022.09.25-22.34.11:787][940]LogStaticMesh: Built static mesh [1.21s] /Game/Hour_of_Code/Static_Meshes/SM_FloatingIsland_S.SM_FloatingIsland_S
[2022.09.25-22.34.31:113][581]LogMeshUtilities: Finished distance field build in 19.3s - 64x64x64 distance field, 4103 triangles, Range [-0.3, 1.0], SM_FloatingIsland_S
[2022.09.25-22.34.33:129][714]LogEditorViewport: Clicking on Actor (LMB): StaticMeshActor (SM_FloatingIsland_L)
[2022.09.25-22.34.34:414][796]LogEditorViewport: Clicking on Actor (LMB): StaticMeshActor (SM_FloatingIsland_S)
[2022.09.25-22.34.48:451][590]Cmd: DELETE
[2022.09.25-22.34.48:452][590]Cmd: ACTOR DELETE
[2022.09.25-22.34.48:748][590]LogEditorActor: Deleted Actor: StaticMeshActor
[2022.09.25-22.34.48:800][590]LogUObjectHash: Compacting FUObjectHashTables data took   0.82ms
[2022.09.25-22.34.48:802][590]LogEditorActor: Deleted 1 Actors (0.137 secs)
[2022.09.25-22.34.49:688][644]LogEditorViewport: Clicking on Actor (LMB): StaticMeshActor (SM_FloatingIsland_L)
[2022.09.25-22.34.51:005][733]Cmd: DELETE
[2022.09.25-22.34.51:005][733]Cmd: ACTOR DELETE
[2022.09.25-22.34.51:006][733]LogEditorActor: Deleted Actor: StaticMeshActor
[2022.09.25-22.34.51:021][733]LogUObjectHash: Compacting FUObjectHashTables data took   0.48ms
[2022.09.25-22.34.51:022][733]LogEditorActor: Deleted 1 Actors (0.017 secs)
